TN:
SF:/home/alxgunin/form_langs_practica/include/slib.hpp
FN:48,_ZN3NFAD2Ev
FNDA:1,_ZN3NFAD2Ev
FNF:1
FNH:1
DA:48,1
LF:1
LH:1
end_of_record
TN:
SF:/home/alxgunin/form_langs_practica/src/ioputter.cpp
FN:3,_Z5inputv
FN:9,_Z6output10TaskOutput
FNDA:0,_Z5inputv
FNDA:0,_Z6output10TaskOutput
FNF:2
FNH:0
DA:3,0
DA:4,0
DA:5,0
DA:6,0
DA:9,0
DA:10,0
DA:11,0
LF:7
LH:0
end_of_record
TN:
SF:/home/alxgunin/form_langs_practica/src/slib.cpp
FN:3,_ZN10TaskOutputC2Ei
FN:11,_ZN3NFA17ParseAndMakeGraphENSt7__cxx1112basic_stringIcSt11char_traitsIcESaIcEEE
FN:87,_ZN3NFA17RemoveEpsilonsDfsEiiRSt6vectorIbSaIbEE
FN:126,_ZN3NFA14RemoveEpsilonsEv
FN:172,_ZN3NFA17MakeReversedGraphEv
FN:182,_ZN3NFAC2ENSt7__cxx1112basic_stringIcSt11char_traitsIcESaIcEEE
FN:190,_Z9GetSufIdsR3NFAic
FN:215,_Z12GetMinLengthR3NFARSt6vectorIiSaIiEE
FN:244,_Z9GetAnswer9TaskInput
FNDA:1,_ZN3NFA17MakeReversedGraphEv
FNDA:1,_ZN3NFAC2ENSt7__cxx1112basic_stringIcSt11char_traitsIcESaIcEEE
FNDA:1,_Z9GetAnswer9TaskInput
FNDA:1,_Z9GetSufIdsR3NFAic
FNDA:1,_ZN3NFA14RemoveEpsilonsEv
FNDA:1,_Z12GetMinLengthR3NFARSt6vectorIiSaIiEE
FNDA:1,_ZN3NFA17ParseAndMakeGraphENSt7__cxx1112basic_stringIcSt11char_traitsIcESaIcEEE
FNDA:10,_ZN3NFA17RemoveEpsilonsDfsEiiRSt6vectorIbSaIbEE
FNDA:1,_ZN10TaskOutputC2Ei
FNF:9
FNH:9
DA:3,1
DA:4,1
DA:5,0
DA:7,1
DA:9,1
DA:11,1
DA:12,1
DA:13,2
DA:15,4
DA:17,3
DA:19,1
DA:20,1
DA:21,0
DA:22,0
DA:24,1
DA:25,1
DA:26,1
DA:27,1
DA:28,1
DA:29,1
DA:30,1
DA:31,1
DA:32,1
DA:33,1
DA:34,1
DA:35,1
DA:36,1
DA:37,1
DA:38,1
DA:39,1
DA:40,1
DA:41,1
DA:42,0
DA:43,0
DA:44,0
DA:45,0
DA:47,0
DA:48,0
DA:49,0
DA:50,0
DA:51,0
DA:52,0
DA:53,0
DA:54,0
DA:55,0
DA:56,0
DA:57,0
DA:58,0
DA:60,0
DA:61,0
DA:62,0
DA:63,0
DA:64,0
DA:65,0
DA:66,0
DA:67,0
DA:68,0
DA:69,0
DA:70,0
DA:71,2
DA:72,2
DA:73,2
DA:74,2
DA:75,2
DA:76,2
DA:77,2
DA:78,2
DA:79,2
DA:82,1
DA:83,0
DA:85,1
DA:87,10
DA:90,10
DA:91,3
DA:93,10
DA:94,1
DA:97,10
DA:98,10
DA:100,20
DA:101,10
DA:103,10
DA:104,4
DA:105,4
DA:107,4
DA:109,6
DA:110,2
DA:116,10
DA:117,14
DA:118,8
DA:119,1
DA:126,1
DA:127,7
DA:129,12
DA:130,6
DA:134,7
DA:137,14
DA:138,8
DA:144,2
DA:145,1
DA:146,1
DA:147,7
DA:148,14
DA:149,8
DA:151,4
DA:156,7
DA:157,6
DA:163,7
DA:164,6
DA:170,1
DA:172,1
DA:173,1
DA:174,7
DA:175,10
DA:176,4
DA:179,1
DA:182,1
DA:183,1
DA:185,1
DA:187,1
DA:188,1
DA:190,1
DA:191,3
DA:192,7
DA:193,6
DA:194,3
DA:197,1
DA:198,2
DA:199,7
DA:200,10
DA:201,4
DA:202,2
DA:207,7
DA:208,6
DA:209,2
DA:212,2
DA:215,1
DA:216,1
DA:217,0
DA:219,2
DA:220,1
DA:221,3
DA:222,2
DA:223,2
DA:225,3
DA:226,2
DA:227,2
DA:228,2
DA:229,0
DA:230,0
DA:231,0
DA:235,1
DA:236,7
DA:237,6
DA:238,1
DA:241,1
DA:244,1
DA:245,1
DA:246,2
DA:248,2
DA:250,1
DA:252,1
DA:253,1
DA:254,2
LF:163
LH:128
end_of_record
TN:
SF:/home/alxgunin/form_langs_practica/tests/TestBase.cpp
FN:4,_ZN29TestBase_OperationsTest1_TestC2Ev
FN:4,_ZN29TestBase_OperationsTest1_Test8TestBodyEv
FNDA:1,_ZN29TestBase_OperationsTest1_TestC2Ev
FNDA:1,_ZN29TestBase_OperationsTest1_Test8TestBodyEv
FNF:2
FNH:2
DA:4,2
DA:5,2
DA:6,1
DA:7,1
DA:8,1
DA:9,2
DA:10,1
LF:7
LH:7
end_of_record
TN:
SF:/home/alxgunin/form_langs_practica/tests/run_tests.cpp
FN:3,main
FNDA:1,main
FNF:1
FNH:1
DA:3,1
DA:4,1
DA:5,1
LF:3
LH:3
end_of_record
TN:
SF:/usr/include/c++/9/bits/alloc_traits.h
FN:442,_ZNSt16allocator_traitsISaIcEE8allocateERS0_m
FN:442,_ZNSt16allocator_traitsISaIPSt4pairIiiEEE8allocateERS3_m
FN:442,_ZNSt16allocator_traitsISaISt4pairIiiEEE8allocateERS2_m
FN:442,_ZNSt16allocator_traitsISaIiEE8allocateERS0_m
FN:442,_ZNSt16allocator_traitsISaISt6vectorIiSaIiEEEE8allocateERS3_m
FN:442,_ZNSt16allocator_traitsISaISt6vectorISt4pairIiiESaIS2_EEEE8allocateERS5_m
FN:442,_ZNSt16allocator_traitsISaImEE8allocateERS0_m
FN:442,_ZNSt16allocator_traitsISaIPiEE8allocateERS1_m
FN:468,_ZNSt16allocator_traitsISaIPSt4pairIiiEEE10deallocateERS3_PS2_m
FN:468,_ZNSt16allocator_traitsISaISt6vectorIiSaIiEEEE10deallocateERS3_PS2_m
FN:468,_ZNSt16allocator_traitsISaIiEE10deallocateERS0_Pim
FN:468,_ZNSt16allocator_traitsISaIcEE10deallocateERS0_Pcm
FN:468,_ZNSt16allocator_traitsISaImEE10deallocateERS0_Pmm
FN:468,_ZNSt16allocator_traitsISaIPiEE10deallocateERS1_PS0_m
FN:468,_ZNSt16allocator_traitsISaISt4pairIiiEEE10deallocateERS2_PS1_m
FN:468,_ZNSt16allocator_traitsISaISt6vectorISt4pairIiiESaIS2_EEEE10deallocateERS5_PS4_m
FN:481,_ZNSt16allocator_traitsISaIiEE9constructIiJRKiEEEvRS0_PT_DpOT0_
FN:481,_ZNSt16allocator_traitsISaISt4pairIiiEEE9constructIS1_JS1_EEEvRS2_PT_DpOT0_
FN:481,_ZNSt16allocator_traitsISaISt6vectorISt4pairIiiESaIS2_EEEE9constructIS4_JS4_EEEvRS5_PT_DpOT0_
FN:494,_ZNSt16allocator_traitsISaISt6vectorISt4pairIiiESaIS2_EEEE7destroyIS4_EEvRS5_PT_
FN:494,_ZNSt16allocator_traitsISaISt4pairIiiEEE7destroyIS1_EEvRS2_PT_
FN:494,_ZNSt16allocator_traitsISaIiEE7destroyIiEEvRS0_PT_
FN:504,_ZNSt16allocator_traitsISaISt4pairIiiEEE8max_sizeERKS2_
FN:504,_ZNSt16allocator_traitsISaISt6vectorISt4pairIiiESaIS2_EEEE8max_sizeERKS5_
FN:504,_ZNSt16allocator_traitsISaIcEE8max_sizeERKS0_
FN:504,_ZNSt16allocator_traitsISaImEE8max_sizeERKS0_
FN:504,_ZNSt16allocator_traitsISaIiEE8max_sizeERKS0_
FN:504,_ZNSt16allocator_traitsISaISt6vectorIiSaIiEEEE8max_sizeERKS3_
FN:513,_ZNSt16allocator_traitsISaIcEE37select_on_container_copy_constructionERKS0_
FN:513,_ZNSt16allocator_traitsISaISt4pairIiiEEE37select_on_container_copy_constructionERKS2_
FN:513,_ZNSt16allocator_traitsISaISt6vectorISt4pairIiiESaIS2_EEEE37select_on_container_copy_constructionERKS5_
FN:513,_ZNSt16allocator_traitsISaIiEE37select_on_container_copy_constructionERKS0_
FN:544,_ZSt18__do_alloc_on_moveISaIcEEvRT_S2_St17integral_constantIbLb1EE
FN:552,_ZSt15__alloc_on_moveISaIcEEvRT_S2_
FNDA:207,_ZNSt16allocator_traitsISaIcEE8max_sizeERKS0_
FNDA:2,_ZNSt16allocator_traitsISaIiEE7destroyIiEEvRS0_PT_
FNDA:18,_ZNSt16allocator_traitsISaISt6vectorISt4pairIiiESaIS2_EEEE8max_sizeERKS5_
FNDA:6,_ZNSt16allocator_traitsISaISt6vectorISt4pairIiiESaIS2_EEEE9constructIS4_JS4_EEEvRS5_PT_DpOT0_
FNDA:5,_ZNSt16allocator_traitsISaISt6vectorISt4pairIiiESaIS2_EEEE8allocateERS5_m
FNDA:24,_ZNSt16allocator_traitsISaISt4pairIiiEEE9constructIS1_JS1_EEEvRS2_PT_DpOT0_
FNDA:8,_ZNSt16allocator_traitsISaISt4pairIiiEEE7destroyIS1_EEvRS2_PT_
FNDA:11,_ZNSt16allocator_traitsISaIiEE8allocateERS0_m
FNDA:1,_ZNSt16allocator_traitsISaIPSt4pairIiiEEE10deallocateERS3_PS2_m
FNDA:1,_ZNSt16allocator_traitsISaISt6vectorIiSaIiEEEE8allocateERS3_m
FNDA:21,_ZNSt16allocator_traitsISaISt4pairIiiEEE8allocateERS2_m
FNDA:6,_ZNSt16allocator_traitsISaISt6vectorISt4pairIiiESaIS2_EEEE7destroyIS4_EEvRS5_PT_
FNDA:1,_ZNSt16allocator_traitsISaIPSt4pairIiiEEE8allocateERS3_m
FNDA:4,_ZNSt16allocator_traitsISaIiEE9constructIiJRKiEEEvRS0_PT_DpOT0_
FNDA:30,_ZNSt16allocator_traitsISaISt4pairIiiEEE8max_sizeERKS2_
FNDA:96,_ZNSt16allocator_traitsISaIcEE8allocateERS0_m
FNDA:4,_ZNSt16allocator_traitsISaIcEE37select_on_container_copy_constructionERKS0_
FNDA:6,_ZNSt16allocator_traitsISaIiEE37select_on_container_copy_constructionERKS0_
FNDA:1,_ZNSt16allocator_traitsISaIPiEE8allocateERS1_m
FNDA:1,_ZSt15__alloc_on_moveISaIcEEvRT_S2_
FNDA:1,_ZNSt16allocator_traitsISaISt6vectorISt4pairIiiESaIS2_EEEE37select_on_container_copy_constructionERKS5_
FNDA:5,_ZNSt16allocator_traitsISaISt6vectorISt4pairIiiESaIS2_EEEE10deallocateERS5_PS4_m
FNDA:8,_ZNSt16allocator_traitsISaImEE8allocateERS0_m
FNDA:1,_ZNSt16allocator_traitsISaIPiEE10deallocateERS1_PS0_m
FNDA:21,_ZNSt16allocator_traitsISaISt4pairIiiEEE10deallocateERS2_PS1_m
FNDA:6,_ZNSt16allocator_traitsISaISt4pairIiiEEE37select_on_container_copy_constructionERKS2_
FNDA:1,_ZNSt16allocator_traitsISaISt6vectorIiSaIiEEEE8max_sizeERKS3_
FNDA:8,_ZNSt16allocator_traitsISaImEE10deallocateERS0_Pmm
FNDA:6,_ZNSt16allocator_traitsISaIiEE8max_sizeERKS0_
FNDA:1,_ZSt18__do_alloc_on_moveISaIcEEvRT_S2_St17integral_constantIbLb1EE
FNDA:1,_ZNSt16allocator_traitsISaISt6vectorIiSaIiEEEE10deallocateERS3_PS2_m
FNDA:2,_ZNSt16allocator_traitsISaIcEE10deallocateERS0_Pcm
FNDA:11,_ZNSt16allocator_traitsISaIiEE10deallocateERS0_Pim
FNDA:4,_ZNSt16allocator_traitsISaImEE8max_sizeERKS0_
FNF:34
FNH:34
DA:442,144
DA:443,144
DA:468,50
DA:469,50
DA:481,34
DA:483,34
DA:494,16
DA:496,16
DA:504,266
DA:505,266
DA:513,17
DA:514,17
DA:544,1
DA:545,1
DA:552,1
DA:556,1
DA:557,1
LF:17
LH:17
end_of_record
TN:
SF:/usr/include/c++/9/bits/allocator.h
FN:137,_ZNSaISt6vectorISt4pairIiiESaIS1_EEEC2Ev
FN:137,_ZNSaImEC2Ev
FN:137,_ZNSaIiEC2Ev
FN:137,_ZNSaISt4pairIiiEEC2Ev
FN:137,_ZNSaISt6vectorIiSaIiEEEC2Ev
FN:137,_ZNSaIbEC2Ev
FN:140,_ZNSaISt6vectorISt4pairIiiESaIS1_EEEC2ERKS4_
FN:140,_ZNSaIiEC2ERKS_
FN:140,_ZNSaImEC2ERKS_
FN:140,_ZNSaISt4pairIiiEEC2ERKS1_
FN:140,_ZNSaISt6vectorIiSaIiEEEC2ERKS2_
FN:150,_ZNSaImEC2IbEERKSaIT_E
FN:150,_ZNSaIPiEC2IiEERKSaIT_E
FN:150,_ZNSaIPSt4pairIiiEEC2IS0_EERKSaIT_E
FN:152,_ZNSaIbED2Ev
FN:152,_ZNSaISt6vectorIiSaIiEEED2Ev
FN:152,_ZNSaISt4pairIiiEED2Ev
FN:152,_ZNSaIPiED2Ev
FN:152,_ZNSaISt6vectorISt4pairIiiESaIS1_EEED2Ev
FN:152,_ZNSaIPSt4pairIiiEED2Ev
FN:152,_ZNSaImED2Ev
FN:152,_ZNSaIiED2Ev
FN:155,_ZSteqRKSaIcES1_
FN:159,_ZStneRKSaIcES1_
FNDA:4,_ZNSaIiEC2Ev
FNDA:2,_ZNSaImEC2Ev
FNDA:2,_ZNSaIPiEC2IiEERKSaIT_E
FNDA:6,_ZNSaImEC2ERKS_
FNDA:16,_ZNSaIiEC2ERKS_
FNDA:0,_ZStneRKSaIcES1_
FNDA:2,_ZNSaISt6vectorISt4pairIiiESaIS1_EEEC2ERKS4_
FNDA:6,_ZNSaIbED2Ev
FNDA:37,_ZNSaISt4pairIiiEED2Ev
FNDA:6,_ZNSaImEC2IbEERKSaIT_E
FNDA:2,_ZNSaIPiED2Ev
FNDA:3,_ZNSaISt6vectorIiSaIiEEED2Ev
FNDA:0,_ZSteqRKSaIcES1_
FNDA:4,_ZNSaISt6vectorISt4pairIiiESaIS1_EEED2Ev
FNDA:2,_ZNSaISt6vectorISt4pairIiiESaIS1_EEEC2Ev
FNDA:2,_ZNSaIPSt4pairIiiEEC2IS0_EERKSaIT_E
FNDA:1,_ZNSaISt6vectorIiSaIiEEEC2Ev
FNDA:19,_ZNSaISt4pairIiiEEC2Ev
FNDA:2,_ZNSaISt6vectorIiSaIiEEEC2ERKS2_
FNDA:6,_ZNSaIbEC2Ev
FNDA:2,_ZNSaIPSt4pairIiiEED2Ev
FNDA:18,_ZNSaISt4pairIiiEEC2ERKS1_
FNDA:20,_ZNSaIiED2Ev
FNDA:14,_ZNSaImED2Ev
FNF:24
FNH:22
DA:137,34
DA:140,44
DA:141,44
DA:150,10
DA:152,88
DA:155,0
DA:156,0
DA:159,0
DA:160,0
LF:9
LH:5
end_of_record
TN:
SF:/usr/include/c++/9/bits/basic_string.h
FN:160,_ZNSt7__cxx1112basic_stringIcSt11char_traitsIcESaIcEE12_Alloc_hiderC2EPcRKS3_
FN:163,_ZNSt7__cxx1112basic_stringIcSt11char_traitsIcESaIcEE12_Alloc_hiderC2EPcOS3_
FN:182,_ZNSt7__cxx1112basic_stringIcSt11char_traitsIcESaIcEE7_M_dataEPc
FN:186,_ZNSt7__cxx1112basic_stringIcSt11char_traitsIcESaIcEE9_M_lengthEm
FN:190,_ZNKSt7__cxx1112basic_stringIcSt11char_traitsIcESaIcEE7_M_dataEv
FN:194,_ZNSt7__cxx1112basic_stringIcSt11char_traitsIcESaIcEE13_M_local_dataEv
FN:204,_ZNKSt7__cxx1112basic_stringIcSt11char_traitsIcESaIcEE13_M_local_dataEv
FN:214,_ZNSt7__cxx1112basic_stringIcSt11char_traitsIcESaIcEE11_M_capacityEm
FN:218,_ZNSt7__cxx1112basic_stringIcSt11char_traitsIcESaIcEE13_M_set_lengthEm
FN:225,_ZNKSt7__cxx1112basic_stringIcSt11char_traitsIcESaIcEE11_M_is_localEv
FN:233,_ZNSt7__cxx1112basic_stringIcSt11char_traitsIcESaIcEE10_M_disposeEv
FN:240,_ZNSt7__cxx1112basic_stringIcSt11char_traitsIcESaIcEE10_M_destroyEm
FN:247,_ZNSt7__cxx1112basic_stringIcSt11char_traitsIcESaIcEE16_M_construct_auxIPcEEvT_S7_St12__false_type
FN:247,_ZNSt7__cxx1112basic_stringIcSt11char_traitsIcESaIcEE16_M_construct_auxIPKcEEvT_S8_St12__false_type
FN:267,_ZNSt7__cxx1112basic_stringIcSt11char_traitsIcESaIcEE12_M_constructIPKcEEvT_S8_
FN:267,_ZNSt7__cxx1112basic_stringIcSt11char_traitsIcESaIcEE12_M_constructIPcEEvT_S7_
FN:290,_ZNSt7__cxx1112basic_stringIcSt11char_traitsIcESaIcEE16_M_get_allocatorEv
FN:294,_ZNKSt7__cxx1112basic_stringIcSt11char_traitsIcESaIcEE16_M_get_allocatorEv
FN:314,_ZNKSt7__cxx1112basic_stringIcSt11char_traitsIcESaIcEE8_M_checkEmPKc
FN:324,_ZNKSt7__cxx1112basic_stringIcSt11char_traitsIcESaIcEE15_M_check_lengthEmmPKc
FN:333,_ZNKSt7__cxx1112basic_stringIcSt11char_traitsIcESaIcEE8_M_limitEmm
FN:341,_ZNKSt7__cxx1112basic_stringIcSt11char_traitsIcESaIcEE11_M_disjunctEPKc
FN:350,_ZNSt7__cxx1112basic_stringIcSt11char_traitsIcESaIcEE7_S_copyEPcPKcm
FN:359,_ZNSt7__cxx1112basic_stringIcSt11char_traitsIcESaIcEE7_S_moveEPcPKcm
FN:396,_ZNSt7__cxx1112basic_stringIcSt11char_traitsIcESaIcEE13_S_copy_charsEPcS5_S5_
FN:400,_ZNSt7__cxx1112basic_stringIcSt11char_traitsIcESaIcEE13_S_copy_charsEPcPKcS7_
FN:405,_ZNSt7__cxx1112basic_stringIcSt11char_traitsIcESaIcEE10_S_compareEmm
FN:435,_ZNSt7__cxx1112basic_stringIcSt11char_traitsIcESaIcEEC2Ev
FN:452,_ZNSt7__cxx1112basic_stringIcSt11char_traitsIcESaIcEEC2ERKS4_
FN:529,_ZNSt7__cxx1112basic_stringIcSt11char_traitsIcESaIcEEC2IS3_EEPKcRKS3_
FN:556,_ZNSt7__cxx1112basic_stringIcSt11char_traitsIcESaIcEEC2EOS4_
FN:629,_ZNSt7__cxx1112basic_stringIcSt11char_traitsIcESaIcEEC2IPcvEET_S7_RKS3_
FN:661,_ZNSt7__cxx1112basic_stringIcSt11char_traitsIcESaIcEED2Ev
FN:708,_ZNSt7__cxx1112basic_stringIcSt11char_traitsIcESaIcEEaSEPKc
FN:736,_ZNSt7__cxx1112basic_stringIcSt11char_traitsIcESaIcEEaSEOS4_
FN:830,_ZNSt7__cxx1112basic_stringIcSt11char_traitsIcESaIcEE5beginEv
FN:846,_ZNSt7__cxx1112basic_stringIcSt11char_traitsIcESaIcEE3endEv
FN:934,_ZNKSt7__cxx1112basic_stringIcSt11char_traitsIcESaIcEE4sizeEv
FN:940,_ZNKSt7__cxx1112basic_stringIcSt11char_traitsIcESaIcEE6lengthEv
FN:945,_ZNKSt7__cxx1112basic_stringIcSt11char_traitsIcESaIcEE8max_sizeEv
FN:997,_ZNKSt7__cxx1112basic_stringIcSt11char_traitsIcESaIcEE8capacityEv
FN:1027,_ZNSt7__cxx1112basic_stringIcSt11char_traitsIcESaIcEE5clearEv
FN:1368,_ZNSt7__cxx1112basic_stringIcSt11char_traitsIcESaIcEE6assignERKS4_
FN:1439,_ZNSt7__cxx1112basic_stringIcSt11char_traitsIcESaIcEE6assignEPKc
FN:1708,_ZNSt7__cxx1112basic_stringIcSt11char_traitsIcESaIcEE6insertEmPKc
FN:1940,_ZNSt7__cxx1112basic_stringIcSt11char_traitsIcESaIcEE7replaceEmmPKcm
FN:2304,_ZNKSt7__cxx1112basic_stringIcSt11char_traitsIcESaIcEE5c_strEv
FN:6112,_ZStplIcSt11char_traitsIcESaIcEENSt7__cxx1112basic_stringIT_T0_T1_EEPKS5_OS8_
FN:6178,_ZSteqIcSt11char_traitsIcESaIcEEbRKNSt7__cxx1112basic_stringIT_T0_T1_EEPKS5_
FN:6549,_ZNSt7__cxx119to_stringEi
FN:6565,_ZNSt7__cxx119to_stringEm
FNDA:5,_ZNSt7__cxx1112basic_stringIcSt11char_traitsIcESaIcEE10_S_compareEmm
FNDA:1,_ZNSt7__cxx1112basic_stringIcSt11char_traitsIcESaIcEE6assignEPKc
FNDA:0,_ZNSt7__cxx1112basic_stringIcSt11char_traitsIcESaIcEE6insertEmPKc
FNDA:1,_ZNSt7__cxx119to_stringEi
FNDA:160,_ZNKSt7__cxx1112basic_stringIcSt11char_traitsIcESaIcEE11_M_is_localEv
FNDA:1,_ZNSt7__cxx1112basic_stringIcSt11char_traitsIcESaIcEE5clearEv
FNDA:16,_ZNSt7__cxx1112basic_stringIcSt11char_traitsIcESaIcEED2Ev
FNDA:1,_ZSteqIcSt11char_traitsIcESaIcEEbRKNSt7__cxx1112basic_stringIT_T0_T1_EEPKS5_
FNDA:0,_ZNSt7__cxx1112basic_stringIcSt11char_traitsIcESaIcEEC2EOS4_
FNDA:115,_ZNKSt7__cxx1112basic_stringIcSt11char_traitsIcESaIcEE8capacityEv
FNDA:6,_ZNSt7__cxx1112basic_stringIcSt11char_traitsIcESaIcEE12_Alloc_hiderC2EPcOS3_
FNDA:160,_ZNKSt7__cxx1112basic_stringIcSt11char_traitsIcESaIcEE13_M_local_dataEv
FNDA:0,_ZNKSt7__cxx1112basic_stringIcSt11char_traitsIcESaIcEE8_M_checkEmPKc
FNDA:1,_ZNSt7__cxx1112basic_stringIcSt11char_traitsIcESaIcEEC2IS3_EEPKcRKS3_
FNDA:0,_ZNKSt7__cxx1112basic_stringIcSt11char_traitsIcESaIcEE8_M_limitEmm
FNDA:207,_ZNKSt7__cxx1112basic_stringIcSt11char_traitsIcESaIcEE8max_sizeEv
FNDA:1,_ZNSt7__cxx1112basic_stringIcSt11char_traitsIcESaIcEEaSEPKc
FNDA:0,_ZNSt7__cxx119to_stringEm
FNDA:5,_ZNSt7__cxx1112basic_stringIcSt11char_traitsIcESaIcEE12_M_constructIPcEEvT_S7_
FNDA:4,_ZNSt7__cxx1112basic_stringIcSt11char_traitsIcESaIcEEC2ERKS4_
FNDA:440,_ZNKSt7__cxx1112basic_stringIcSt11char_traitsIcESaIcEE7_M_dataEv
FNDA:0,_ZNKSt7__cxx1112basic_stringIcSt11char_traitsIcESaIcEE5c_strEv
FNDA:1,_ZNSt7__cxx1112basic_stringIcSt11char_traitsIcESaIcEEaSEOS4_
FNDA:30,_ZNSt7__cxx1112basic_stringIcSt11char_traitsIcESaIcEE7_M_dataEPc
FNDA:118,_ZNSt7__cxx1112basic_stringIcSt11char_traitsIcESaIcEE9_M_lengthEm
FNDA:43,_ZNSt7__cxx1112basic_stringIcSt11char_traitsIcESaIcEE10_M_disposeEv
FNDA:1,_ZNSt7__cxx1112basic_stringIcSt11char_traitsIcESaIcEE5beginEv
FNDA:5,_ZNSt7__cxx1112basic_stringIcSt11char_traitsIcESaIcEE13_S_copy_charsEPcS5_S5_
FNDA:1,_ZNSt7__cxx1112basic_stringIcSt11char_traitsIcESaIcEE16_M_construct_auxIPKcEEvT_S8_St12__false_type
FNDA:20,_ZNSt7__cxx1112basic_stringIcSt11char_traitsIcESaIcEE13_S_copy_charsEPcPKcS7_
FNDA:1,_ZNSt7__cxx1112basic_stringIcSt11char_traitsIcESaIcEE3endEv
FNDA:0,_ZStplIcSt11char_traitsIcESaIcEENSt7__cxx1112basic_stringIT_T0_T1_EEPKS5_OS8_
FNDA:69,_ZNKSt7__cxx1112basic_stringIcSt11char_traitsIcESaIcEE6lengthEv
FNDA:0,_ZNSt7__cxx1112basic_stringIcSt11char_traitsIcESaIcEE7_S_moveEPcPKcm
FNDA:211,_ZNKSt7__cxx1112basic_stringIcSt11char_traitsIcESaIcEE16_M_get_allocatorEv
FNDA:110,_ZNSt7__cxx1112basic_stringIcSt11char_traitsIcESaIcEE7_S_copyEPcPKcm
FNDA:1,_ZNSt7__cxx1112basic_stringIcSt11char_traitsIcESaIcEE12_M_constructIPKcEEvT_S8_
FNDA:100,_ZNSt7__cxx1112basic_stringIcSt11char_traitsIcESaIcEE16_M_get_allocatorEv
FNDA:1,_ZNSt7__cxx1112basic_stringIcSt11char_traitsIcESaIcEEC2IPcvEET_S7_RKS3_
FNDA:2,_ZNSt7__cxx1112basic_stringIcSt11char_traitsIcESaIcEEC2Ev
FNDA:2,_ZNSt7__cxx1112basic_stringIcSt11char_traitsIcESaIcEE10_M_destroyEm
FNDA:2,_ZNSt7__cxx1112basic_stringIcSt11char_traitsIcESaIcEE12_Alloc_hiderC2EPcRKS3_
FNDA:8,_ZNSt7__cxx1112basic_stringIcSt11char_traitsIcESaIcEE13_M_local_dataEv
FNDA:5,_ZNSt7__cxx1112basic_stringIcSt11char_traitsIcESaIcEE16_M_construct_auxIPcEEvT_S7_St12__false_type
FNDA:118,_ZNSt7__cxx1112basic_stringIcSt11char_traitsIcESaIcEE13_M_set_lengthEm
FNDA:30,_ZNSt7__cxx1112basic_stringIcSt11char_traitsIcESaIcEE11_M_capacityEm
FNDA:0,_ZNSt7__cxx1112basic_stringIcSt11char_traitsIcESaIcEE7replaceEmmPKcm
FNDA:163,_ZNKSt7__cxx1112basic_stringIcSt11char_traitsIcESaIcEE4sizeEv
FNDA:51,_ZNKSt7__cxx1112basic_stringIcSt11char_traitsIcESaIcEE11_M_disjunctEPKc
FNDA:76,_ZNKSt7__cxx1112basic_stringIcSt11char_traitsIcESaIcEE15_M_check_lengthEmmPKc
FNDA:0,_ZNSt7__cxx1112basic_stringIcSt11char_traitsIcESaIcEE6assignERKS4_
FNF:51
FNH:41
DA:160,2
DA:161,2
DA:163,6
DA:164,6
DA:182,30
DA:183,30
DA:186,118
DA:187,118
DA:190,440
DA:191,440
DA:194,8
DA:197,8
DA:204,160
DA:207,160
DA:214,30
DA:215,30
DA:218,118
DA:220,118
DA:221,118
DA:222,118
DA:225,160
DA:226,160
DA:233,43
DA:235,43
DA:236,2
DA:237,43
DA:240,2
DA:241,2
DA:247,6
DA:251,6
DA:252,6
DA:267,6
DA:270,6
DA:271,6
DA:290,100
DA:291,100
DA:294,211
DA:295,211
DA:314,0
DA:316,0
DA:317,0
DA:320,0
DA:324,76
DA:326,76
DA:327,0
DA:328,76
DA:333,0
DA:335,0
DA:336,0
DA:341,51
DA:343,51
DA:344,51
DA:350,110
DA:352,110
DA:353,16
DA:355,94
DA:356,110
DA:359,0
DA:361,0
DA:362,0
DA:364,0
DA:365,0
DA:396,5
DA:397,5
DA:400,20
DA:402,20
DA:405,5
DA:407,5
DA:409,5
DA:410,0
DA:411,5
DA:412,0
DA:414,5
DA:435,2
DA:437,2
DA:438,2
DA:452,4
DA:454,4
DA:455,4
DA:529,1
DA:530,1
DA:531,1
DA:556,0
DA:557,0
DA:559,0
DA:561,0
DA:566,0
DA:567,0
DA:573,0
DA:574,0
DA:575,0
DA:576,0
DA:629,1
DA:631,1
DA:632,1
DA:661,16
DA:662,16
DA:708,1
DA:709,1
DA:736,1
DA:739,1
DA:740,0
DA:741,1
DA:744,0
DA:745,0
DA:746,0
DA:749,1
DA:751,1
DA:754,1
DA:755,1
DA:756,1
DA:758,0
DA:759,0
DA:760,0
DA:763,0
DA:765,0
DA:767,0
DA:770,0
DA:771,0
DA:774,0
DA:777,0
DA:778,0
DA:779,0
DA:780,0
DA:782,0
DA:783,0
DA:786,0
DA:789,0
DA:790,1
DA:791,1
DA:830,1
DA:831,1
DA:846,1
DA:847,1
DA:934,163
DA:935,163
DA:940,69
DA:941,69
DA:945,207
DA:946,207
DA:997,115
DA:999,115
DA:1000,115
DA:1027,1
DA:1028,1
DA:1368,0
DA:1370,0
DA:1371,0
DA:1439,1
DA:1443,1
DA:1708,0
DA:1712,0
DA:1940,0
DA:1945,0
DA:2304,0
DA:2305,0
DA:6112,0
DA:6114,0
DA:6178,1
DA:6180,1
DA:6549,1
DA:6551,1
DA:6565,0
DA:6568,0
LF:164
LH:105
end_of_record
TN:
SF:/usr/include/c++/9/bits/basic_string.tcc
FN:132,_ZNSt7__cxx1112basic_stringIcSt11char_traitsIcESaIcEE9_M_createERmm
FN:206,_ZNSt7__cxx1112basic_stringIcSt11char_traitsIcESaIcEE12_M_constructIPcEEvT_S7_St20forward_iterator_tag
FN:206,_ZNSt7__cxx1112basic_stringIcSt11char_traitsIcESaIcEE12_M_constructIPKcEEvT_S8_St20forward_iterator_tag
FN:254,_ZNSt7__cxx1112basic_stringIcSt11char_traitsIcESaIcEE9_M_assignERKS4_
FN:310,_ZNSt7__cxx1112basic_stringIcSt11char_traitsIcESaIcEE9_M_mutateEmmPKcm
FN:421,_ZNSt7__cxx1112basic_stringIcSt11char_traitsIcESaIcEE10_M_replaceEmmPKcm
FN:1418,_ZNKSt7__cxx1112basic_stringIcSt11char_traitsIcESaIcEE7compareEPKc
FNDA:13,_ZNSt7__cxx1112basic_stringIcSt11char_traitsIcESaIcEE9_M_assignERKS4_
FNDA:5,_ZNSt7__cxx1112basic_stringIcSt11char_traitsIcESaIcEE12_M_constructIPcEEvT_S7_St20forward_iterator_tag
FNDA:76,_ZNSt7__cxx1112basic_stringIcSt11char_traitsIcESaIcEE10_M_replaceEmmPKcm
FNDA:26,_ZNSt7__cxx1112basic_stringIcSt11char_traitsIcESaIcEE9_M_mutateEmmPKcm
FNDA:96,_ZNSt7__cxx1112basic_stringIcSt11char_traitsIcESaIcEE9_M_createERmm
FNDA:20,_ZNSt7__cxx1112basic_stringIcSt11char_traitsIcESaIcEE12_M_constructIPKcEEvT_S8_St20forward_iterator_tag
FNDA:5,_ZNKSt7__cxx1112basic_stringIcSt11char_traitsIcESaIcEE7compareEPKc
FNF:7
FNH:7
DA:132,96
DA:137,96
DA:138,0
DA:143,96
DA:145,35
DA:147,35
DA:148,0
DA:153,96
DA:206,25
DA:211,25
DA:212,0
DA:215,25
DA:217,25
DA:219,3
DA:220,3
DA:225,25
DA:232,25
DA:233,25
DA:254,13
DA:257,13
DA:259,13
DA:260,13
DA:262,13
DA:264,1
DA:265,1
DA:266,1
DA:267,1
DA:268,1
DA:271,13
DA:272,7
DA:274,13
DA:276,13
DA:310,26
DA:314,26
DA:316,26
DA:317,26
DA:319,26
DA:320,1
DA:321,26
DA:322,26
DA:323,26
DA:324,0
DA:325,0
DA:327,26
DA:328,26
DA:329,26
DA:330,26
DA:421,76
DA:425,76
DA:427,76
DA:428,76
DA:430,76
DA:432,51
DA:434,51
DA:435,51
DA:437,51
DA:438,0
DA:439,51
DA:440,50
DA:445,0
DA:446,0
DA:447,0
DA:448,0
DA:449,0
DA:451,0
DA:452,0
DA:453,0
DA:454,0
DA:457,0
DA:458,0
DA:459,0
DA:466,25
DA:468,76
DA:469,76
DA:1418,5
DA:1422,5
DA:1423,5
DA:1424,5
DA:1425,5
DA:1426,5
DA:1427,5
DA:1428,5
LF:82
LH:64
end_of_record
TN:
SF:/usr/include/c++/9/bits/char_traits.h
FN:100,_ZN9__gnu_cxx11char_traitsIcE2eqERKcS3_
FN:161,_ZN9__gnu_cxx11char_traitsIcE6lengthEPKc
FN:299,_ZNSt11char_traitsIcE6assignERcRKc
FN:307,_ZNSt11char_traitsIcE2ltERKcS2_
FN:315,_ZNSt11char_traitsIcE7compareEPKcS2_m
FN:336,_ZNSt11char_traitsIcE6lengthEPKc
FN:360,_ZNSt11char_traitsIcE4moveEPcPKcm
FN:368,_ZNSt11char_traitsIcE4copyEPcPKcm
FNDA:0,_ZNSt11char_traitsIcE2ltERKcS2_
FNDA:0,_ZN9__gnu_cxx11char_traitsIcE6lengthEPKc
FNDA:7,_ZNSt11char_traitsIcE6lengthEPKc
FNDA:94,_ZNSt11char_traitsIcE4copyEPcPKcm
FNDA:0,_ZN9__gnu_cxx11char_traitsIcE2eqERKcS3_
FNDA:5,_ZNSt11char_traitsIcE7compareEPKcS2_m
FNDA:0,_ZNSt11char_traitsIcE4moveEPcPKcm
FNDA:134,_ZNSt11char_traitsIcE6assignERcRKc
FNF:8
FNH:4
DA:100,0
DA:101,0
DA:161,0
DA:164,0
DA:165,0
DA:166,0
DA:167,0
DA:236,7
DA:299,134
DA:300,134
DA:307,0
DA:310,0
DA:311,0
DA:315,5
DA:317,5
DA:318,4
DA:320,1
DA:322,1
DA:324,0
DA:325,0
DA:326,0
DA:327,0
DA:328,0
DA:329,0
DA:332,1
DA:336,7
DA:339,7
DA:340,0
DA:342,7
DA:360,0
DA:362,0
DA:363,0
DA:364,0
DA:368,94
DA:370,94
DA:371,8
DA:372,86
LF:37
LH:16
end_of_record
TN:
SF:/usr/include/c++/9/bits/cpp_type_traits.h
FN:428,_ZSt12__miter_baseIN9__gnu_cxx17__normal_iteratorIPKiSt6vectorIiSaIiEEEEET_S8_
FN:428,_ZSt12__miter_baseIPmET_S1_
FN:428,_ZSt12__miter_baseIPPSt4pairIiiEET_S4_
FN:428,_ZSt12__miter_baseISt19_Bit_const_iteratorET_S1_
FN:428,_ZSt12__miter_baseISt13_Bit_iteratorET_S1_
FN:428,_ZSt12__miter_baseIPPiET_S2_
FNDA:0,_ZSt12__miter_baseIPPiET_S2_
FNDA:12,_ZSt12__miter_baseISt13_Bit_iteratorET_S1_
FNDA:0,_ZSt12__miter_baseIPPSt4pairIiiEET_S4_
FNDA:4,_ZSt12__miter_baseISt19_Bit_const_iteratorET_S1_
FNDA:4,_ZSt12__miter_baseIPmET_S1_
FNDA:12,_ZSt12__miter_baseIN9__gnu_cxx17__normal_iteratorIPKiSt6vectorIiSaIiEEEEET_S8_
FNF:6
FNH:4
DA:428,32
DA:429,32
LF:2
LH:2
end_of_record
TN:
SF:/usr/include/c++/9/bits/deque.tcc
FN:162,_ZNSt5dequeISt4pairIiiESaIS1_EE12emplace_backIJS1_EEERS1_DpOT_
FN:479,_ZNSt5dequeIiSaIiEE16_M_push_back_auxIJRKiEEEvDpOT_
FN:479,_ZNSt5dequeISt4pairIiiESaIS1_EE16_M_push_back_auxIJS1_EEEvDpOT_
FN:555,_ZNSt5dequeISt4pairIiiESaIS1_EE15_M_pop_back_auxEv
FN:571,_ZNSt5dequeIiSaIiEE16_M_pop_front_auxEv
FN:926,_ZNSt5dequeISt4pairIiiESaIS1_EE17_M_reallocate_mapEmb
FN:926,_ZNSt5dequeIiSaIiEE17_M_reallocate_mapEmb
FNDA:0,_ZNSt5dequeISt4pairIiiESaIS1_EE17_M_reallocate_mapEmb
FNDA:0,_ZNSt5dequeIiSaIiEE16_M_push_back_auxIJRKiEEEvDpOT_
FNDA:0,_ZNSt5dequeIiSaIiEE17_M_reallocate_mapEmb
FNDA:0,_ZNSt5dequeIiSaIiEE16_M_pop_front_auxEv
FNDA:0,_ZNSt5dequeISt4pairIiiESaIS1_EE15_M_pop_back_auxEv
FNDA:2,_ZNSt5dequeISt4pairIiiESaIS1_EE12emplace_backIJS1_EEERS1_DpOT_
FNDA:0,_ZNSt5dequeISt4pairIiiESaIS1_EE16_M_push_back_auxIJS1_EEEvDpOT_
FNF:7
FNH:1
DA:162,2
DA:165,2
DA:166,2
DA:168,2
DA:171,2
DA:174,0
DA:176,2
DA:479,0
DA:487,0
DA:488,0
DA:491,0
DA:492,0
DA:496,0
DA:502,0
DA:504,0
DA:511,0
DA:555,0
DA:558,0
DA:559,0
DA:560,0
DA:561,0
DA:563,0
DA:571,0
DA:574,0
DA:576,0
DA:577,0
DA:578,0
DA:579,0
DA:926,0
DA:929,0
DA:930,0
DA:931,0
DA:934,0
DA:936,0
DA:937,0
DA:938,0
DA:939,0
DA:940,0
DA:941,0
DA:944,0
DA:945,0
DA:946,0
DA:950,0
DA:951,0
DA:954,0
DA:955,0
DA:956,0
DA:957,0
DA:958,0
DA:960,0
DA:962,0
DA:963,0
DA:966,0
DA:967,0
DA:968,0
LF:55
LH:6
end_of_record
TN:
SF:/usr/include/c++/9/bits/move.h
FN:47,_ZSt11__addressofISt6vectorIiSaIiEEEPT_RS3_
FN:47,_ZSt11__addressofImEPT_RS0_
FN:47,_ZSt11__addressofISt4pairIiiEEPT_RS2_
FN:47,_ZSt11__addressofIKcEPT_RS1_
FN:47,_ZSt11__addressofIcEPT_RS0_
FN:47,_ZSt11__addressofISt6vectorISt4pairIiiESaIS2_EEEPT_RS5_
FN:74,_ZSt7forwardISt6vectorISt4pairIiiESaIS2_EEEOT_RNSt16remove_referenceIS5_E4typeE
FN:74,_ZSt7forwardIRKSt4pairIiiEEOT_RNSt16remove_referenceIS4_E4typeE
FN:74,_ZSt7forwardIiEOT_RNSt16remove_referenceIS0_E4typeE
FN:74,_ZSt7forwardIRKSt6vectorIiSaIiEEEOT_RNSt16remove_referenceIS5_E4typeE
FN:74,_ZSt7forwardIRKSt6vectorISt4pairIiiESaIS2_EEEOT_RNSt16remove_referenceIS7_E4typeE
FN:74,_ZSt7forwardIRcEOT_RNSt16remove_referenceIS1_E4typeE
FN:74,_ZSt7forwardIRiEOT_RNSt16remove_referenceIS1_E4typeE
FN:74,_ZSt7forwardISt4pairIiiEEOT_RNSt16remove_referenceIS2_E4typeE
FN:74,_ZSt7forwardIRKiEOT_RNSt16remove_referenceIS2_E4typeE
FN:74,_ZSt7forwardIRKcEOT_RNSt16remove_referenceIS2_E4typeE
FN:99,_ZSt4moveIRPNSt7__cxx1118basic_stringstreamIcSt11char_traitsIcESaIcEEEEONSt16remove_referenceIT_E4typeEOS9_
FN:99,_ZSt4moveIRSt6vectorISt4pairIiiESaIS2_EEEONSt16remove_referenceIT_E4typeEOS7_
FN:99,_ZSt4moveIRNSt12_Vector_baseISt4pairIiiESaIS2_EE12_Vector_implEEONSt16remove_referenceIT_E4typeEOS8_
FN:99,_ZSt4moveIRSaIcEEONSt16remove_referenceIT_E4typeEOS3_
FN:99,_ZSt4moveIRNSt7__cxx1112basic_stringIcSt11char_traitsIcESaIcEEEEONSt16remove_referenceIT_E4typeEOS8_
FN:99,_ZSt4moveIRPNSt7__cxx1112basic_stringIcSt11char_traitsIcESaIcEEEEONSt16remove_referenceIT_E4typeEOS9_
FN:99,_ZSt4moveIRSt4pairIiiEEONSt16remove_referenceIT_E4typeEOS4_
FN:138,_ZSt9addressofIcEPT_RS0_
FN:138,_ZSt9addressofIKcEPT_RS1_
FNDA:24,_ZSt7forwardIRiEOT_RNSt16remove_referenceIS1_E4typeE
FNDA:81,_ZSt7forwardISt4pairIiiEEOT_RNSt16remove_referenceIS2_E4typeE
FNDA:8,_ZSt11__addressofIcEPT_RS0_
FNDA:2,_ZSt7forwardIRcEOT_RNSt16remove_referenceIS1_E4typeE
FNDA:8,_ZSt9addressofIcEPT_RS0_
FNDA:0,_ZSt4moveIRPNSt7__cxx1112basic_stringIcSt11char_traitsIcESaIcEEEEONSt16remove_referenceIT_E4typeEOS9_
FNDA:160,_ZSt11__addressofIKcEPT_RS1_
FNDA:4,_ZSt7forwardIRKcEOT_RNSt16remove_referenceIS2_E4typeE
FNDA:160,_ZSt9addressofIKcEPT_RS1_
FNDA:26,_ZSt4moveIRSt4pairIiiEEONSt16remove_referenceIT_E4typeEOS4_
FNDA:10,_ZSt7forwardIRKiEOT_RNSt16remove_referenceIS2_E4typeE
FNDA:66,_ZSt11__addressofISt6vectorISt4pairIiiESaIS2_EEEPT_RS5_
FNDA:12,_ZSt11__addressofISt6vectorIiSaIiEEEPT_RS3_
FNDA:12,_ZSt4moveIRNSt12_Vector_baseISt4pairIiiESaIS2_EE12_Vector_implEEONSt16remove_referenceIT_E4typeEOS8_
FNDA:6,_ZSt4moveIRSt6vectorISt4pairIiiESaIS2_EEEONSt16remove_referenceIT_E4typeEOS7_
FNDA:0,_ZSt4moveIRPNSt7__cxx1118basic_stringstreamIcSt11char_traitsIcESaIcEEEEONSt16remove_referenceIT_E4typeEOS9_
FNDA:12,_ZSt7forwardISt6vectorISt4pairIiiESaIS2_EEEOT_RNSt16remove_referenceIS5_E4typeE
FNDA:6,_ZSt7forwardIRKSt6vectorISt4pairIiiESaIS2_EEEOT_RNSt16remove_referenceIS7_E4typeE
FNDA:26,_ZSt11__addressofISt4pairIiiEEPT_RS2_
FNDA:6,_ZSt7forwardIRKSt6vectorIiSaIiEEEOT_RNSt16remove_referenceIS5_E4typeE
FNDA:6,_ZSt7forwardIiEOT_RNSt16remove_referenceIS0_E4typeE
FNDA:26,_ZSt11__addressofImEPT_RS0_
FNDA:8,_ZSt7forwardIRKSt4pairIiiEEOT_RNSt16remove_referenceIS4_E4typeE
FNDA:0,_ZSt4moveIRNSt7__cxx1112basic_stringIcSt11char_traitsIcESaIcEEEEONSt16remove_referenceIT_E4typeEOS8_
FNDA:7,_ZSt4moveIRSaIcEEONSt16remove_referenceIT_E4typeEOS3_
FNF:25
FNH:22
DA:47,298
DA:48,298
DA:74,159
DA:75,159
DA:99,51
DA:100,51
DA:138,168
DA:139,168
LF:8
LH:8
end_of_record
TN:
SF:/usr/include/c++/9/bits/ptr_traits.h
FN:146,_ZNSt14pointer_traitsIPKcE10pointer_toERS0_
FN:146,_ZNSt14pointer_traitsIPcE10pointer_toERc
FNDA:160,_ZNSt14pointer_traitsIPKcE10pointer_toERS0_
FNDA:8,_ZNSt14pointer_traitsIPcE10pointer_toERc
FNF:2
FNH:2
DA:146,168
DA:147,168
LF:2
LH:2
end_of_record
TN:
SF:/usr/include/c++/9/bits/stl_algobase.h
FN:198,_ZSt3minImERKT_S2_S2_
FN:198,_ZSt3minIiERKT_S2_S2_
FN:222,_ZSt3maxImERKT_S2_S2_
FN:280,_ZSt12__niter_baseISt13_Bit_iteratorET_S1_
FN:280,_ZSt12__niter_baseIPSt4pairIiiEET_S3_
FN:280,_ZSt12__niter_baseISt19_Bit_const_iteratorET_S1_
FN:280,_ZSt12__niter_baseIPSt6vectorISt4pairIiiESaIS2_EEET_S6_
FN:280,_ZSt12__niter_baseIPPiET_S2_
FN:280,_ZSt12__niter_baseIPiET_S1_
FN:280,_ZSt12__niter_baseIPPSt4pairIiiEET_S4_
FN:280,_ZSt12__niter_baseIPmET_S1_
FN:295,_ZSt12__niter_wrapIPiET_RKS1_S1_
FN:295,_ZSt12__niter_wrapIPPiET_RKS2_S2_
FN:295,_ZSt12__niter_wrapISt13_Bit_iteratorET_RKS1_S1_
FN:295,_ZSt12__niter_wrapIPmET_RKS1_S1_
FN:295,_ZSt12__niter_wrapIPPSt4pairIiiEET_RKS4_S4_
FN:337,_ZNSt11__copy_moveILb0ELb0ESt26random_access_iterator_tagE8__copy_mISt13_Bit_iteratorS3_EET0_T_S5_S4_
FN:337,_ZNSt11__copy_moveILb0ELb0ESt26random_access_iterator_tagE8__copy_mISt19_Bit_const_iteratorSt13_Bit_iteratorEET0_T_S6_S5_
FN:375,_ZNSt11__copy_moveILb0ELb1ESt26random_access_iterator_tagE8__copy_mIPiEEPT_PKS4_S7_S5_
FN:375,_ZNSt11__copy_moveILb0ELb1ESt26random_access_iterator_tagE8__copy_mImEEPT_PKS3_S6_S4_
FN:375,_ZNSt11__copy_moveILb0ELb1ESt26random_access_iterator_tagE8__copy_mIiEEPT_PKS3_S6_S4_
FN:375,_ZNSt11__copy_moveILb0ELb1ESt26random_access_iterator_tagE8__copy_mIPSt4pairIiiEEEPT_PKS6_S9_S7_
FN:393,_ZSt13__copy_move_aILb0EPPSt4pairIiiES3_ET1_T0_S5_S4_
FN:393,_ZSt13__copy_move_aILb0EPmS0_ET1_T0_S2_S1_
FN:393,_ZSt13__copy_move_aILb0EPKiPiET1_T0_S4_S3_
FN:393,_ZSt13__copy_move_aILb0ESt13_Bit_iteratorS0_ET1_T0_S2_S1_
FN:393,_ZSt13__copy_move_aILb0ESt19_Bit_const_iteratorSt13_Bit_iteratorET1_T0_S3_S2_
FN:393,_ZSt13__copy_move_aILb0EPPiS1_ET1_T0_S3_S2_
FN:438,_ZSt14__copy_move_a2ILb0EPPSt4pairIiiES3_ET1_T0_S5_S4_
FN:438,_ZSt14__copy_move_a2ILb0EPPiS1_ET1_T0_S3_S2_
FN:438,_ZSt14__copy_move_a2ILb0EN9__gnu_cxx17__normal_iteratorIPKiSt6vectorIiSaIiEEEEPiET1_T0_SA_S9_
FN:438,_ZSt14__copy_move_a2ILb0ESt19_Bit_const_iteratorSt13_Bit_iteratorET1_T0_S3_S2_
FN:438,_ZSt14__copy_move_a2ILb0ESt13_Bit_iteratorS0_ET1_T0_S2_S1_
FN:438,_ZSt14__copy_move_a2ILb0EPmS0_ET1_T0_S2_S1_
FN:465,_ZSt4copyIPPSt4pairIiiES3_ET0_T_S5_S4_
FN:465,_ZSt4copyIPmS0_ET0_T_S2_S1_
FN:465,_ZSt4copyIN9__gnu_cxx17__normal_iteratorIPKiSt6vectorIiSaIiEEEEPiET0_T_SA_S9_
FN:465,_ZSt4copyIPPiS1_ET0_T_S3_S2_
FN:465,_ZSt4copyISt13_Bit_iteratorS0_ET0_T_S2_S1_
FN:465,_ZSt4copyISt19_Bit_const_iteratorSt13_Bit_iteratorET0_T_S3_S2_
FN:547,_ZNSt20__copy_move_backwardILb0ELb0ESt26random_access_iterator_tagE13__copy_move_bISt13_Bit_iteratorS3_EET0_T_S5_S4_
FN:577,_ZNSt20__copy_move_backwardILb0ELb1ESt26random_access_iterator_tagE13__copy_move_bIPiEEPT_PKS4_S7_S5_
FN:577,_ZNSt20__copy_move_backwardILb0ELb1ESt26random_access_iterator_tagE13__copy_move_bIPSt4pairIiiEEEPT_PKS6_S9_S7_
FN:595,_ZSt22__copy_move_backward_aILb0EPPiS1_ET1_T0_S3_S2_
FN:595,_ZSt22__copy_move_backward_aILb0EPPSt4pairIiiES3_ET1_T0_S5_S4_
FN:595,_ZSt22__copy_move_backward_aILb0ESt13_Bit_iteratorS0_ET1_T0_S2_S1_
FN:613,_ZSt23__copy_move_backward_a2ILb0ESt13_Bit_iteratorS0_ET1_T0_S2_S1_
FN:613,_ZSt23__copy_move_backward_a2ILb0EPPiS1_ET1_T0_S3_S2_
FN:613,_ZSt23__copy_move_backward_a2ILb0EPPSt4pairIiiES3_ET1_T0_S5_S4_
FN:641,_ZSt13copy_backwardIPPiS1_ET0_T_S3_S2_
FN:641,_ZSt13copy_backwardIPPSt4pairIiiES3_ET0_T_S5_S4_
FN:641,_ZSt13copy_backwardISt13_Bit_iteratorS0_ET0_T_S2_S1_
FN:767,_ZSt10__fill_n_aIPimiEN9__gnu_cxx11__enable_ifIXsrSt11__is_scalarIT1_E7__valueET_E6__typeES6_T0_RKS4_
FN:802,_ZSt6fill_nIPimiET_S1_T0_RKT1_
FNDA:0,_ZSt14__copy_move_a2ILb0EPPSt4pairIiiES3_ET1_T0_S5_S4_
FNDA:25,_ZSt3maxImERKT_S2_S2_
FNDA:0,_ZSt13copy_backwardIPPiS1_ET0_T_S3_S2_
FNDA:60,_ZSt3minImERKT_S2_S2_
FNDA:20,_ZSt12__niter_baseISt13_Bit_iteratorET_S1_
FNDA:4,_ZSt13copy_backwardISt13_Bit_iteratorS0_ET0_T_S2_S1_
FNDA:0,_ZSt13copy_backwardIPPSt4pairIiiES3_ET0_T_S5_S4_
FNDA:0,_ZSt12__niter_wrapIPPiET_RKS2_S2_
FNDA:8,_ZSt12__niter_wrapIPiET_RKS1_S1_
FNDA:2,_ZSt13__copy_move_aILb0EPmS0_ET1_T0_S2_S1_
FNDA:4,_ZSt23__copy_move_backward_a2ILb0ESt13_Bit_iteratorS0_ET1_T0_S2_S1_
FNDA:0,_ZSt22__copy_move_backward_aILb0EPPiS1_ET1_T0_S3_S2_
FNDA:0,_ZNSt20__copy_move_backwardILb0ELb1ESt26random_access_iterator_tagE13__copy_move_bIPiEEPT_PKS4_S7_S5_
FNDA:2,_ZSt10__fill_n_aIPimiEN9__gnu_cxx11__enable_ifIXsrSt11__is_scalarIT1_E7__valueET_E6__typeES6_T0_RKS4_
FNDA:4,_ZSt12__niter_baseISt19_Bit_const_iteratorET_S1_
FNDA:0,_ZSt13__copy_move_aILb0EPPSt4pairIiiES3_ET1_T0_S5_S4_
FNDA:90,_ZSt12__niter_baseIPSt4pairIiiEET_S3_
FNDA:0,_ZSt4copyIPPSt4pairIiiES3_ET0_T_S5_S4_
FNDA:12,_ZSt12__niter_baseIPSt6vectorISt4pairIiiESaIS2_EEET_S6_
FNDA:8,_ZSt12__niter_wrapISt13_Bit_iteratorET_RKS1_S1_
FNDA:0,_ZNSt11__copy_moveILb0ELb1ESt26random_access_iterator_tagE8__copy_mIPiEEPT_PKS4_S7_S5_
FNDA:2,_ZNSt11__copy_moveILb0ELb1ESt26random_access_iterator_tagE8__copy_mImEEPT_PKS3_S6_S4_
FNDA:0,_ZSt22__copy_move_backward_aILb0EPPSt4pairIiiES3_ET1_T0_S5_S4_
FNDA:6,_ZSt13__copy_move_aILb0EPKiPiET1_T0_S4_S3_
FNDA:1,_ZSt3minIiERKT_S2_S2_
FNDA:6,_ZSt14__copy_move_a2ILb0EN9__gnu_cxx17__normal_iteratorIPKiSt6vectorIiSaIiEEEEPiET1_T0_SA_S9_
FNDA:0,_ZSt12__niter_baseIPPiET_S2_
FNDA:0,_ZSt14__copy_move_a2ILb0EPPiS1_ET1_T0_S3_S2_
FNDA:2,_ZSt13__copy_move_aILb0ESt13_Bit_iteratorS0_ET1_T0_S2_S1_
FNDA:2,_ZSt4copyIPmS0_ET0_T_S2_S1_
FNDA:4,_ZNSt20__copy_move_backwardILb0ELb0ESt26random_access_iterator_tagE13__copy_move_bISt13_Bit_iteratorS3_EET0_T_S5_S4_
FNDA:2,_ZSt14__copy_move_a2ILb0ESt19_Bit_const_iteratorSt13_Bit_iteratorET1_T0_S3_S2_
FNDA:2,_ZNSt11__copy_moveILb0ELb0ESt26random_access_iterator_tagE8__copy_mISt13_Bit_iteratorS3_EET0_T_S5_S4_
FNDA:2,_ZSt4copyISt13_Bit_iteratorS0_ET0_T_S2_S1_
FNDA:0,_ZSt4copyIPPiS1_ET0_T_S3_S2_
FNDA:20,_ZSt12__niter_baseIPiET_S1_
FNDA:6,_ZSt4copyIN9__gnu_cxx17__normal_iteratorIPKiSt6vectorIiSaIiEEEEPiET0_T_SA_S9_
FNDA:2,_ZSt6fill_nIPimiET_S1_T0_RKT1_
FNDA:0,_ZNSt20__copy_move_backwardILb0ELb1ESt26random_access_iterator_tagE13__copy_move_bIPSt4pairIiiEEEPT_PKS6_S9_S7_
FNDA:4,_ZSt22__copy_move_backward_aILb0ESt13_Bit_iteratorS0_ET1_T0_S2_S1_
FNDA:2,_ZSt13__copy_move_aILb0ESt19_Bit_const_iteratorSt13_Bit_iteratorET1_T0_S3_S2_
FNDA:6,_ZSt12__niter_baseIPmET_S1_
FNDA:0,_ZSt12__niter_baseIPPSt4pairIiiEET_S4_
FNDA:0,_ZSt23__copy_move_backward_a2ILb0EPPiS1_ET1_T0_S3_S2_
FNDA:2,_ZSt12__niter_wrapIPmET_RKS1_S1_
FNDA:2,_ZSt14__copy_move_a2ILb0EPmS0_ET1_T0_S2_S1_
FNDA:2,_ZNSt11__copy_moveILb0ELb0ESt26random_access_iterator_tagE8__copy_mISt19_Bit_const_iteratorSt13_Bit_iteratorEET0_T_S6_S5_
FNDA:0,_ZNSt11__copy_moveILb0ELb1ESt26random_access_iterator_tagE8__copy_mIPSt4pairIiiEEEPT_PKS6_S9_S7_
FNDA:0,_ZSt12__niter_wrapIPPSt4pairIiiEET_RKS4_S4_
FNDA:2,_ZSt14__copy_move_a2ILb0ESt13_Bit_iteratorS0_ET1_T0_S2_S1_
FNDA:0,_ZSt13__copy_move_aILb0EPPiS1_ET1_T0_S3_S2_
FNDA:6,_ZNSt11__copy_moveILb0ELb1ESt26random_access_iterator_tagE8__copy_mIiEEPT_PKS3_S6_S4_
FNDA:0,_ZSt23__copy_move_backward_a2ILb0EPPSt4pairIiiES3_ET1_T0_S5_S4_
FNDA:2,_ZSt4copyISt19_Bit_const_iteratorSt13_Bit_iteratorET0_T_S3_S2_
FNF:54
FNH:34
DA:198,61
DA:203,61
DA:204,1
DA:205,60
DA:222,25
DA:227,25
DA:228,15
DA:229,10
DA:280,152
DA:282,152
DA:295,18
DA:296,18
DA:337,4
DA:340,4
DA:342,0
DA:343,0
DA:344,0
DA:346,4
DA:375,8
DA:384,8
DA:385,8
DA:386,6
DA:387,8
DA:393,12
DA:398,12
DA:404,12
DA:438,12
DA:440,12
DA:443,12
DA:465,12
DA:474,12
DA:547,4
DA:550,4
DA:551,0
DA:552,4
DA:577,0
DA:586,0
DA:587,0
DA:588,0
DA:589,0
DA:595,4
DA:600,4
DA:606,4
DA:608,4
DA:613,4
DA:615,4
DA:618,4
DA:641,4
DA:652,4
DA:767,2
DA:769,2
DA:770,2
DA:771,10
DA:772,8
DA:773,2
DA:802,2
DA:808,2
DA:809,2
LF:58
LH:49
end_of_record
TN:
SF:/usr/include/c++/9/bits/stl_bvector.h
FN:77,_ZNSt14_Bit_referenceC2EPmm
FN:86,_ZNKSt14_Bit_referencecvbEv
FN:90,_ZNSt14_Bit_referenceaSEb
FN:100,_ZNSt14_Bit_referenceaSERKS_
FN:148,_ZNSt18_Bit_iterator_baseC2EPmj
FN:152,_ZNSt18_Bit_iterator_base10_M_bump_upEv
FN:162,_ZNSt18_Bit_iterator_base12_M_bump_downEv
FN:172,_ZNSt18_Bit_iterator_base7_M_incrEl
FN:214,_ZStmiRKSt18_Bit_iterator_baseS1_
FN:226,_ZNSt13_Bit_iteratorC2Ev
FN:228,_ZNSt13_Bit_iteratorC2EPmj
FN:236,_ZNKSt13_Bit_iteratordeEv
FN:240,_ZNSt13_Bit_iteratorppEv
FN:255,_ZNSt13_Bit_iteratormmEv
FN:270,_ZNSt13_Bit_iteratorpLEl
FN:284,_ZNKSt13_Bit_iteratorplEl
FN:315,_ZNSt19_Bit_const_iteratorC2EPmj
FN:318,_ZNSt19_Bit_const_iteratorC2ERKSt13_Bit_iterator
FN:322,_ZNKSt19_Bit_const_iterator13_M_const_castEv
FN:326,_ZNKSt19_Bit_const_iteratordeEv
FN:330,_ZNSt19_Bit_const_iteratorppEv
FN:397,_ZSt14__fill_bvectorPmjjb
FN:411,_ZSt4fillSt13_Bit_iteratorS_RKb
FN:444,_ZNSt13_Bvector_baseISaIbEE18_Bvector_impl_dataC2Ev
FN:465,_ZNSt13_Bvector_baseISaIbEE18_Bvector_impl_data8_M_resetEv
FN:476,_ZNSt13_Bvector_baseISaIbEE13_Bvector_implC2Ev
FN:481,_ZNSt13_Bvector_baseISaIbEE13_Bvector_implC2ERKSaImE
FN:490,_ZNKSt13_Bvector_baseISaIbEE13_Bvector_impl11_M_end_addrEv
FN:506,_ZNKSt13_Bvector_baseISaIbEE20_M_get_Bit_allocatorEv
FN:514,_ZNSt13_Bvector_baseISaIbEEC2Ev
FN:519,_ZNSt13_Bvector_baseISaIbEEC2ERKS0_
FN:526,_ZNSt13_Bvector_baseISaIbEED2Ev
FN:533,_ZNSt13_Bvector_baseISaIbEE11_M_allocateEm
FN:537,_ZNSt13_Bvector_baseISaIbEE13_M_deallocateEv
FN:556,_ZNSt13_Bvector_baseISaIbEE8_S_nwordEm
FN:628,_ZNSt6vectorIbSaIbEEC2Ev
FN:639,_ZNSt6vectorIbSaIbEEC2EmRKS0_
FN:643,_ZNSt6vectorIbSaIbEEC2EmRKbRKS0_
FN:714,_ZNSt6vectorIbSaIbEED2Ev
FN:811,_ZNSt6vectorIbSaIbEE5beginEv
FN:815,_ZNKSt6vectorIbSaIbEE5beginEv
FN:819,_ZNSt6vectorIbSaIbEE3endEv
FN:823,_ZNKSt6vectorIbSaIbEE3endEv
FN:844,_ZNKSt6vectorIbSaIbEE6cbeginEv
FN:861,_ZNKSt6vectorIbSaIbEE4sizeEv
FN:865,_ZNKSt6vectorIbSaIbEE8max_sizeEv
FN:877,_ZNKSt6vectorIbSaIbEE8capacityEv
FN:886,_ZNSt6vectorIbSaIbEEixEm
FN:1022,_ZNSt6vectorIbSaIbEE6insertESt19_Bit_const_iteratormRKb
FN:1061,_ZNSt6vectorIbSaIbEE6resizeEmb
FN:1111,_ZNSt6vectorIbSaIbEE15_M_copy_alignedESt19_Bit_const_iteratorS2_St13_Bit_iterator
FN:1120,_ZNSt6vectorIbSaIbEE13_M_initializeEm
FN:1138,_ZNSt6vectorIbSaIbEE19_M_initialize_valueEb
FN:1295,_ZNKSt6vectorIbSaIbEE12_M_check_lenEmPKc
FN:1305,_ZNSt6vectorIbSaIbEE15_M_erase_at_endESt13_Bit_iterator
FNDA:2,_ZNSt6vectorIbSaIbEE15_M_copy_alignedESt19_Bit_const_iteratorS2_St13_Bit_iterator
FNDA:208,_ZNSt18_Bit_iterator_baseC2EPmj
FNDA:16,_ZNSt13_Bvector_baseISaIbEE8_S_nwordEm
FNDA:6,_ZNSt13_Bvector_baseISaIbEE13_Bvector_implC2ERKSaImE
FNDA:6,_ZNKSt6vectorIbSaIbEE6cbeginEv
FNDA:4,_ZNKSt6vectorIbSaIbEE8max_sizeEv
FNDA:6,_ZNSt6vectorIbSaIbEE13_M_initializeEm
FNDA:10,_ZNSt13_Bvector_baseISaIbEE13_M_deallocateEv
FNDA:28,_ZNSt18_Bit_iterator_base7_M_incrEl
FNDA:24,_ZNSt13_Bit_iteratorC2Ev
FNDA:0,_ZNSt13_Bit_iteratorppEv
FNDA:8,_ZNSt6vectorIbSaIbEED2Ev
FNDA:0,_ZNSt6vectorIbSaIbEE15_M_erase_at_endESt13_Bit_iterator
FNDA:36,_ZNSt19_Bit_const_iteratorC2ERKSt13_Bit_iterator
FNDA:26,_ZNKSt6vectorIbSaIbEE3endEv
FNDA:0,_ZNSt18_Bit_iterator_base10_M_bump_upEv
FNDA:6,_ZSt14__fill_bvectorPmjjb
FNDA:8,_ZNSt13_Bvector_baseISaIbEE11_M_allocateEm
FNDA:78,_ZNSt6vectorIbSaIbEEixEm
FNDA:28,_ZNSt13_Bit_iteratorpLEl
FNDA:8,_ZNSt6vectorIbSaIbEE5beginEv
FNDA:20,_ZNKSt13_Bvector_baseISaIbEE13_Bvector_impl11_M_end_addrEv
FNDA:24,_ZNSt14_Bit_referenceaSEb
FNDA:6,_ZSt4fillSt13_Bit_iteratorS_RKb
FNDA:8,_ZNSt13_Bvector_baseISaIbEE18_Bvector_impl_dataC2Ev
FNDA:6,_ZNSt6vectorIbSaIbEE6resizeEmb
FNDA:0,_ZNSt19_Bit_const_iteratorppEv
FNDA:102,_ZNSt13_Bit_iteratorC2EPmj
FNDA:2,_ZNSt13_Bvector_baseISaIbEE13_Bvector_implC2Ev
FNDA:6,_ZNSt6vectorIbSaIbEE19_M_initialize_valueEb
FNDA:3,_ZNSt14_Bit_referenceaSERKS_
FNDA:6,_ZNSt6vectorIbSaIbEEC2EmRKS0_
FNDA:78,_ZNSt14_Bit_referenceC2EPmm
FNDA:6,_ZNSt13_Bvector_baseISaIbEEC2ERKS0_
FNDA:46,_ZStmiRKSt18_Bit_iterator_baseS1_
FNDA:0,_ZNSt13_Bit_iteratormmEv
FNDA:8,_ZNSt13_Bvector_baseISaIbEE18_Bvector_impl_data8_M_resetEv
FNDA:2,_ZNSt13_Bvector_baseISaIbEEC2Ev
FNDA:2,_ZNSt6vectorIbSaIbEEC2Ev
FNDA:6,_ZNSt6vectorIbSaIbEE6insertESt19_Bit_const_iteratormRKb
FNDA:8,_ZNSt13_Bvector_baseISaIbEED2Ev
FNDA:46,_ZNSt19_Bit_const_iteratorC2EPmj
FNDA:6,_ZNKSt19_Bit_const_iterator13_M_const_castEv
FNDA:57,_ZNKSt14_Bit_referencecvbEv
FNDA:78,_ZNKSt13_Bit_iteratordeEv
FNDA:24,_ZNKSt13_Bit_iteratorplEl
FNDA:4,_ZNKSt13_Bvector_baseISaIbEE20_M_get_Bit_allocatorEv
FNDA:6,_ZNKSt6vectorIbSaIbEE8capacityEv
FNDA:0,_ZNSt18_Bit_iterator_base12_M_bump_downEv
FNDA:12,_ZNSt6vectorIbSaIbEE3endEv
FNDA:2,_ZNKSt6vectorIbSaIbEE12_M_check_lenEmPKc
FNDA:6,_ZNSt6vectorIbSaIbEEC2EmRKbRKS0_
FNDA:0,_ZNKSt19_Bit_const_iteratordeEv
FNDA:26,_ZNKSt6vectorIbSaIbEE4sizeEv
FNDA:32,_ZNKSt6vectorIbSaIbEE5beginEv
FNF:55
FNH:48
DA:77,78
DA:78,78
DA:86,57
DA:87,57
DA:90,24
DA:92,24
DA:93,20
DA:95,4
DA:96,24
DA:100,3
DA:101,3
DA:148,208
DA:149,208
DA:152,0
DA:154,0
DA:156,0
DA:157,0
DA:159,0
DA:162,0
DA:164,0
DA:166,0
DA:167,0
DA:169,0
DA:172,28
DA:174,28
DA:175,28
DA:176,28
DA:177,28
DA:179,0
DA:180,0
DA:182,28
DA:183,28
DA:214,46
DA:216,46
DA:217,46
DA:226,24
DA:228,102
DA:229,102
DA:236,78
DA:237,78
DA:240,0
DA:242,0
DA:243,0
DA:255,0
DA:257,0
DA:258,0
DA:270,28
DA:272,28
DA:273,28
DA:284,24
DA:286,24
DA:287,24
DA:315,46
DA:316,46
DA:318,36
DA:319,36
DA:322,6
DA:323,6
DA:326,0
DA:327,0
DA:330,0
DA:332,0
DA:333,0
DA:397,6
DA:400,6
DA:401,6
DA:402,6
DA:404,6
DA:405,0
DA:407,6
DA:408,6
DA:411,6
DA:413,6
DA:415,0
DA:416,0
DA:417,0
DA:419,0
DA:420,0
DA:422,0
DA:423,0
DA:425,6
DA:426,6
DA:427,6
DA:444,8
DA:445,8
DA:446,8
DA:465,8
DA:467,8
DA:468,8
DA:469,8
DA:476,2
DA:478,2
DA:479,2
DA:481,6
DA:482,6
DA:483,6
DA:490,20
DA:492,20
DA:493,18
DA:494,2
DA:506,4
DA:507,4
DA:514,2
DA:519,6
DA:520,6
DA:526,8
DA:527,8
DA:533,8
DA:534,8
DA:537,10
DA:539,10
DA:541,8
DA:542,8
DA:543,8
DA:545,8
DA:547,10
DA:556,16
DA:557,16
DA:628,2
DA:639,6
DA:640,6
DA:641,6
DA:643,6
DA:650,6
DA:652,6
DA:653,6
DA:654,6
DA:714,8
DA:811,8
DA:812,8
DA:815,32
DA:816,32
DA:819,12
DA:820,12
DA:823,26
DA:824,26
DA:844,6
DA:845,6
DA:861,26
DA:862,26
DA:865,4
DA:867,4
DA:871,4
DA:873,4
DA:877,6
DA:879,6
DA:886,78
DA:888,156
DA:889,156
DA:1022,6
DA:1024,6
DA:1025,6
DA:1026,6
DA:1061,6
DA:1063,6
DA:1064,0
DA:1066,6
DA:1067,6
DA:1111,2
DA:1114,2
DA:1115,4
DA:1116,4
DA:1120,6
DA:1122,6
DA:1124,6
DA:1125,6
DA:1126,6
DA:1130,0
DA:1131,0
DA:1133,6
DA:1135,6
DA:1138,6
DA:1140,6
DA:1141,6
DA:1142,6
DA:1144,6
DA:1295,2
DA:1297,2
DA:1298,0
DA:1300,2
DA:1301,2
DA:1305,0
DA:1306,0
LF:183
LH:146
end_of_record
TN:
SF:/usr/include/c++/9/bits/stl_construct.h
FN:74,_ZSt10_ConstructISt6vectorISt4pairIiiESaIS2_EEJRKS4_EEvPT_DpOT0_
FN:74,_ZSt10_ConstructISt4pairIiiEJRKS1_EEvPT_DpOT0_
FN:74,_ZSt10_ConstructISt6vectorISt4pairIiiESaIS2_EEJEEvPT_DpOT0_
FN:74,_ZSt10_ConstructISt6vectorIiSaIiEEJRKS2_EEvPT_DpOT0_
FN:97,_ZSt8_DestroyISt6vectorISt4pairIiiESaIS2_EEEvPT_
FN:97,_ZSt8_DestroyISt6vectorIiSaIiEEEvPT_
FN:105,_ZNSt12_Destroy_auxILb0EE9__destroyIPSt6vectorIiSaIiEEEEvT_S6_
FN:105,_ZNSt12_Destroy_auxILb0EE9__destroyIPSt6vectorISt4pairIiiESaIS4_EEEEvT_S8_
FN:117,_ZNSt12_Destroy_auxILb1EE9__destroyIPiEEvT_S3_
FN:117,_ZNSt12_Destroy_auxILb1EE9__destroyIPSt4pairIiiEEEvT_S5_
FN:127,_ZSt8_DestroyIPSt6vectorISt4pairIiiESaIS2_EEEvT_S6_
FN:127,_ZSt8_DestroyIPSt4pairIiiEEvT_S3_
FN:127,_ZSt8_DestroyIPSt6vectorIiSaIiEEEvT_S4_
FN:127,_ZSt8_DestroyIPiEvT_S1_
FN:203,_ZSt8_DestroyIPSt4pairIiiES1_EvT_S3_RSaIT0_E
FN:203,_ZSt8_DestroyIPiiEvT_S1_RSaIT0_E
FN:203,_ZSt8_DestroyIPSt6vectorISt4pairIiiESaIS2_EES4_EvT_S6_RSaIT0_E
FN:203,_ZSt8_DestroyIPSt6vectorIiSaIiEES2_EvT_S4_RSaIT0_E
FNDA:9,_ZSt8_DestroyIPiEvT_S1_
FNDA:1,_ZSt8_DestroyIPSt6vectorIiSaIiEES2_EvT_S4_RSaIT0_E
FNDA:6,_ZSt10_ConstructISt6vectorIiSaIiEEJRKS2_EEvPT_DpOT0_
FNDA:30,_ZSt8_DestroyIPSt4pairIiiEEvT_S3_
FNDA:6,_ZSt8_DestroyISt6vectorIiSaIiEEEvPT_
FNDA:18,_ZSt10_ConstructISt6vectorISt4pairIiiESaIS2_EEJEEvPT_DpOT0_
FNDA:1,_ZSt8_DestroyIPSt6vectorIiSaIiEEEvT_S4_
FNDA:4,_ZSt8_DestroyIPSt6vectorISt4pairIiiESaIS2_EES4_EvT_S6_RSaIT0_E
FNDA:4,_ZNSt12_Destroy_auxILb0EE9__destroyIPSt6vectorISt4pairIiiESaIS4_EEEEvT_S8_
FNDA:24,_ZSt8_DestroyISt6vectorISt4pairIiiESaIS2_EEEvPT_
FNDA:8,_ZSt10_ConstructISt4pairIiiEJRKS1_EEvPT_DpOT0_
FNDA:9,_ZNSt12_Destroy_auxILb1EE9__destroyIPiEEvT_S3_
FNDA:1,_ZNSt12_Destroy_auxILb0EE9__destroyIPSt6vectorIiSaIiEEEEvT_S6_
FNDA:30,_ZSt8_DestroyIPSt4pairIiiES1_EvT_S3_RSaIT0_E
FNDA:6,_ZSt10_ConstructISt6vectorISt4pairIiiESaIS2_EEJRKS4_EEvPT_DpOT0_
FNDA:30,_ZNSt12_Destroy_auxILb1EE9__destroyIPSt4pairIiiEEEvT_S5_
FNDA:9,_ZSt8_DestroyIPiiEvT_S1_RSaIT0_E
FNDA:4,_ZSt8_DestroyIPSt6vectorISt4pairIiiESaIS2_EEEvT_S6_
FNF:18
FNH:18
DA:74,38
DA:75,38
DA:97,30
DA:98,30
DA:105,35
DA:107,35
DA:108,30
DA:109,5
DA:117,39
DA:127,44
DA:137,44
DA:138,44
DA:203,44
DA:206,44
DA:207,44
LF:15
LH:15
end_of_record
TN:
SF:/usr/include/c++/9/bits/stl_deque.h
FN:93,_ZSt16__deque_buf_sizem
FN:130,_ZNSt15_Deque_iteratorIiRiPiE14_S_buffer_sizeEv
FN:130,_ZNSt15_Deque_iteratorISt4pairIiiERS1_PS1_E14_S_buffer_sizeEv
FN:150,_ZNSt15_Deque_iteratorISt4pairIiiERS1_PS1_EC2Ev
FN:150,_ZNSt15_Deque_iteratorIiRiPiEC2Ev
FN:167,_ZNSt15_Deque_iteratorISt4pairIiiERS1_PS1_EC2ERKS4_
FN:167,_ZNSt15_Deque_iteratorIiRiPiEC2ERKS2_
FN:179,_ZNKSt15_Deque_iteratorIiRiPiEdeEv
FN:179,_ZNKSt15_Deque_iteratorISt4pairIiiERS1_PS1_EdeEv
FN:207,_ZNSt15_Deque_iteratorISt4pairIiiERS1_PS1_EmmEv
FN:273,_ZNSt15_Deque_iteratorISt4pairIiiERS1_PS1_E11_M_set_nodeEPS3_
FN:273,_ZNSt15_Deque_iteratorIiRiPiE11_M_set_nodeEPS1_
FN:286,_ZSteqIiRiPiEbRKSt15_Deque_iteratorIT_T0_T1_ES8_
FN:370,_ZStmiIiRiPiENSt15_Deque_iteratorIT_T0_T1_E15difference_typeERKS6_S9_
FN:370,_ZStmiISt4pairIiiERS1_PS1_ENSt15_Deque_iteratorIT_T0_T1_E15difference_typeERKS8_SB_
FN:508,_ZNSt11_Deque_baseISt4pairIiiESaIS1_EEC2Ev
FN:508,_ZNSt11_Deque_baseIiSaIiEEC2Ev
FN:575,_ZNSt11_Deque_baseIiSaIiEE11_Deque_implC2Ev
FN:575,_ZNSt11_Deque_baseISt4pairIiiESaIS1_EE11_Deque_implC2Ev
FN:605,_ZNSt11_Deque_baseISt4pairIiiESaIS1_EE19_M_get_Tp_allocatorEv
FN:605,_ZNSt11_Deque_baseIiSaIiEE19_M_get_Tp_allocatorEv
FN:609,_ZNKSt11_Deque_baseIiSaIiEE19_M_get_Tp_allocatorEv
FN:609,_ZNKSt11_Deque_baseISt4pairIiiESaIS1_EE19_M_get_Tp_allocatorEv
FN:613,_ZNKSt11_Deque_baseISt4pairIiiESaIS1_EE20_M_get_map_allocatorEv
FN:613,_ZNKSt11_Deque_baseIiSaIiEE20_M_get_map_allocatorEv
FN:617,_ZNSt11_Deque_baseIiSaIiEE16_M_allocate_nodeEv
FN:617,_ZNSt11_Deque_baseISt4pairIiiESaIS1_EE16_M_allocate_nodeEv
FN:624,_ZNSt11_Deque_baseISt4pairIiiESaIS1_EE18_M_deallocate_nodeEPS1_
FN:624,_ZNSt11_Deque_baseIiSaIiEE18_M_deallocate_nodeEPi
FN:631,_ZNSt11_Deque_baseIiSaIiEE15_M_allocate_mapEm
FN:631,_ZNSt11_Deque_baseISt4pairIiiESaIS1_EE15_M_allocate_mapEm
FN:638,_ZNSt11_Deque_baseIiSaIiEE17_M_deallocate_mapEPPim
FN:638,_ZNSt11_Deque_baseISt4pairIiiESaIS1_EE17_M_deallocate_mapEPPS1_m
FN:678,_ZNSt11_Deque_baseIiSaIiEED2Ev
FN:678,_ZNSt11_Deque_baseISt4pairIiiESaIS1_EED2Ev
FN:699,_ZNSt11_Deque_baseIiSaIiEE17_M_initialize_mapEm
FN:699,_ZNSt11_Deque_baseISt4pairIiiESaIS1_EE17_M_initialize_mapEm
FN:738,_ZNSt11_Deque_baseIiSaIiEE15_M_create_nodesEPPiS3_
FN:738,_ZNSt11_Deque_baseISt4pairIiiESaIS1_EE15_M_create_nodesEPPS1_S5_
FN:756,_ZNSt11_Deque_baseISt4pairIiiESaIS1_EE16_M_destroy_nodesEPPS1_S5_
FN:756,_ZNSt11_Deque_baseIiSaIiEE16_M_destroy_nodesEPPiS3_
FN:915,_ZNSt5dequeIiSaIiEEC2Ev
FN:915,_ZNSt5dequeISt4pairIiiESaIS1_EEC2Ev
FN:1071,_ZNSt5dequeIiSaIiEED2Ev
FN:1071,_ZNSt5dequeISt4pairIiiESaIS1_EED2Ev
FN:1193,_ZNSt5dequeISt4pairIiiESaIS1_EE5beginEv
FN:1193,_ZNSt5dequeIiSaIiEE5beginEv
FN:1210,_ZNSt5dequeIiSaIiEE3endEv
FN:1210,_ZNSt5dequeISt4pairIiiESaIS1_EE3endEv
FN:1298,_ZNKSt5dequeIiSaIiEE4sizeEv
FN:1298,_ZNKSt5dequeISt4pairIiiESaIS1_EE4sizeEv
FN:1303,_ZNKSt5dequeISt4pairIiiESaIS1_EE8max_sizeEv
FN:1303,_ZNKSt5dequeIiSaIiEE8max_sizeEv
FN:1384,_ZNKSt5dequeIiSaIiEE5emptyEv
FN:1478,_ZNSt5dequeIiSaIiEE5frontEv
FN:1500,_ZNSt5dequeISt4pairIiiESaIS1_EE4backEv
FN:1569,_ZNSt5dequeIiSaIiEE9push_backERKi
FN:1584,_ZNSt5dequeISt4pairIiiESaIS1_EE9push_backEOS1_
FN:1605,_ZNSt5dequeIiSaIiEE9pop_frontEv
FN:1628,_ZNSt5dequeISt4pairIiiESaIS1_EE8pop_backEv
FN:1896,_ZNSt5dequeISt4pairIiiESaIS1_EE11_S_max_sizeERKS2_
FN:1896,_ZNSt5dequeIiSaIiEE11_S_max_sizeERKS0_
FN:2113,_ZNSt5dequeIiSaIiEE15_M_destroy_dataESt15_Deque_iteratorIiRiPiES5_RKS0_
FN:2113,_ZNSt5dequeISt4pairIiiESaIS1_EE15_M_destroy_dataESt15_Deque_iteratorIS1_RS1_PS1_ES7_RKS2_
FN:2194,_ZNSt5dequeISt4pairIiiESaIS1_EE22_M_reserve_map_at_backEm
FN:2194,_ZNSt5dequeIiSaIiEE22_M_reserve_map_at_backEm
FNDA:1,_ZNSt11_Deque_baseIiSaIiEE19_M_get_Tp_allocatorEv
FNDA:6,_ZNSt5dequeISt4pairIiiESaIS1_EE4backEv
FNDA:6,_ZNSt15_Deque_iteratorISt4pairIiiERS1_PS1_EmmEv
FNDA:1,_ZNSt11_Deque_baseIiSaIiEEC2Ev
FNDA:1,_ZNSt5dequeIiSaIiEE3endEv
FNDA:1,_ZNSt11_Deque_baseISt4pairIiiESaIS1_EE16_M_destroy_nodesEPPS1_S5_
FNDA:2,_ZNSt15_Deque_iteratorIiRiPiEC2Ev
FNDA:1,_ZNSt11_Deque_baseISt4pairIiiESaIS1_EE15_M_create_nodesEPPS1_S5_
FNDA:4,_ZNSt15_Deque_iteratorIiRiPiEC2ERKS2_
FNDA:2,_ZNKSt11_Deque_baseIiSaIiEE19_M_get_Tp_allocatorEv
FNDA:1,_ZNSt11_Deque_baseIiSaIiEE11_Deque_implC2Ev
FNDA:1,_ZNSt11_Deque_baseISt4pairIiiESaIS1_EE17_M_initialize_mapEm
FNDA:1,_ZNSt5dequeISt4pairIiiESaIS1_EE15_M_destroy_dataESt15_Deque_iteratorIS1_RS1_PS1_ES7_RKS2_
FNDA:2,_ZNKSt5dequeISt4pairIiiESaIS1_EE4sizeEv
FNDA:1,_ZNSt11_Deque_baseISt4pairIiiESaIS1_EED2Ev
FNDA:2,_ZNSt5dequeISt4pairIiiESaIS1_EE9push_backEOS1_
FNDA:2,_ZNKSt11_Deque_baseIiSaIiEE20_M_get_map_allocatorEv
FNDA:3,_ZNSt5dequeIiSaIiEE5beginEv
FNDA:7,_ZNSt5dequeISt4pairIiiESaIS1_EE3endEv
FNDA:4,_ZNSt15_Deque_iteratorISt4pairIiiERS1_PS1_E14_S_buffer_sizeEv
FNDA:1,_ZNSt11_Deque_baseISt4pairIiiESaIS1_EE16_M_allocate_nodeEv
FNDA:1,_ZNSt11_Deque_baseISt4pairIiiESaIS1_EE17_M_deallocate_mapEPPS1_m
FNDA:2,_ZNKSt11_Deque_baseISt4pairIiiESaIS1_EE19_M_get_Tp_allocatorEv
FNDA:6,_ZNKSt15_Deque_iteratorISt4pairIiiERS1_PS1_EdeEv
FNDA:1,_ZNSt11_Deque_baseIiSaIiEE16_M_allocate_nodeEv
FNDA:1,_ZNSt11_Deque_baseIiSaIiEE17_M_deallocate_mapEPPim
FNDA:1,_ZNSt11_Deque_baseISt4pairIiiESaIS1_EE11_Deque_implC2Ev
FNDA:1,_ZNSt11_Deque_baseIiSaIiEE16_M_destroy_nodesEPPiS3_
FNDA:1,_ZNSt11_Deque_baseIiSaIiEE18_M_deallocate_nodeEPi
FNDA:0,_ZNSt5dequeIiSaIiEE22_M_reserve_map_at_backEm
FNDA:1,_ZNSt11_Deque_baseIiSaIiEE17_M_initialize_mapEm
FNDA:0,_ZNSt5dequeIiSaIiEE11_S_max_sizeERKS0_
FNDA:2,_ZNSt5dequeIiSaIiEE9push_backERKi
FNDA:8,_ZNSt15_Deque_iteratorISt4pairIiiERS1_PS1_EC2ERKS4_
FNDA:2,_ZNSt5dequeIiSaIiEE5frontEv
FNDA:1,_ZNSt5dequeISt4pairIiiESaIS1_EED2Ev
FNDA:2,_ZNKSt11_Deque_baseISt4pairIiiESaIS1_EE20_M_get_map_allocatorEv
FNDA:0,_ZNKSt5dequeIiSaIiEE4sizeEv
FNDA:1,_ZNSt5dequeISt4pairIiiESaIS1_EEC2Ev
FNDA:1,_ZNSt5dequeIiSaIiEED2Ev
FNDA:2,_ZNKSt15_Deque_iteratorIiRiPiEdeEv
FNDA:1,_ZNSt5dequeIiSaIiEEC2Ev
FNDA:0,_ZStmiIiRiPiENSt15_Deque_iteratorIT_T0_T1_E15difference_typeERKS6_S9_
FNDA:1,_ZNSt5dequeIiSaIiEE15_M_destroy_dataESt15_Deque_iteratorIiRiPiES5_RKS0_
FNDA:0,_ZNSt5dequeISt4pairIiiESaIS1_EE11_S_max_sizeERKS2_
FNDA:1,_ZNSt11_Deque_baseISt4pairIiiESaIS1_EEC2Ev
FNDA:2,_ZNSt15_Deque_iteratorIiRiPiE14_S_buffer_sizeEv
FNDA:2,_ZNSt15_Deque_iteratorISt4pairIiiERS1_PS1_EC2Ev
FNDA:3,_ZNKSt5dequeIiSaIiEE5emptyEv
FNDA:1,_ZNSt5dequeISt4pairIiiESaIS1_EE5beginEv
FNDA:0,_ZNKSt5dequeISt4pairIiiESaIS1_EE8max_sizeEv
FNDA:2,_ZNSt15_Deque_iteratorISt4pairIiiERS1_PS1_E11_M_set_nodeEPS3_
FNDA:0,_ZNSt5dequeISt4pairIiiESaIS1_EE22_M_reserve_map_at_backEm
FNDA:2,_ZNSt15_Deque_iteratorIiRiPiE11_M_set_nodeEPS1_
FNDA:1,_ZNSt11_Deque_baseISt4pairIiiESaIS1_EE18_M_deallocate_nodeEPS1_
FNDA:2,_ZStmiISt4pairIiiERS1_PS1_ENSt15_Deque_iteratorIT_T0_T1_E15difference_typeERKS8_SB_
FNDA:1,_ZNSt11_Deque_baseISt4pairIiiESaIS1_EE19_M_get_Tp_allocatorEv
FNDA:14,_ZSt16__deque_buf_sizem
FNDA:2,_ZNSt5dequeIiSaIiEE9pop_frontEv
FNDA:0,_ZNKSt5dequeIiSaIiEE8max_sizeEv
FNDA:2,_ZNSt5dequeISt4pairIiiESaIS1_EE8pop_backEv
FNDA:1,_ZNSt11_Deque_baseIiSaIiEE15_M_create_nodesEPPiS3_
FNDA:3,_ZSteqIiRiPiEbRKSt15_Deque_iteratorIT_T0_T1_ES8_
FNDA:1,_ZNSt11_Deque_baseISt4pairIiiESaIS1_EE15_M_allocate_mapEm
FNDA:1,_ZNSt11_Deque_baseIiSaIiEED2Ev
FNDA:1,_ZNSt11_Deque_baseIiSaIiEE15_M_allocate_mapEm
FNF:66
FNH:58
DA:93,14
DA:95,14
DA:130,6
DA:131,6
DA:150,4
DA:151,4
DA:167,12
DA:168,12
DA:169,12
DA:179,8
DA:180,8
DA:207,6
DA:209,6
DA:211,0
DA:212,0
DA:214,6
DA:215,6
DA:273,4
DA:275,4
DA:276,4
DA:277,4
DA:278,4
DA:286,3
DA:288,3
DA:370,2
DA:374,2
DA:375,2
DA:376,2
DA:508,2
DA:509,2
DA:510,2
DA:575,2
DA:577,2
DA:578,2
DA:605,2
DA:606,2
DA:609,4
DA:610,4
DA:613,4
DA:614,4
DA:617,2
DA:620,2
DA:624,2
DA:627,2
DA:628,2
DA:631,2
DA:633,4
DA:634,4
DA:638,2
DA:640,4
DA:641,2
DA:642,2
DA:678,2
DA:681,2
DA:683,2
DA:684,2
DA:685,2
DA:687,2
DA:699,2
DA:702,2
DA:705,4
DA:706,2
DA:707,2
DA:714,2
DA:715,2
DA:716,2
DA:719,2
DA:720,0
DA:722,0
DA:723,0
DA:724,0
DA:725,0
DA:728,2
DA:729,2
DA:730,2
DA:731,4
DA:732,2
DA:733,2
DA:734,2
DA:738,2
DA:744,4
DA:745,2
DA:747,0
DA:749,0
DA:750,0
DA:752,2
DA:756,2
DA:760,4
DA:761,2
DA:762,2
DA:915,2
DA:1071,2
DA:1072,2
DA:1193,4
DA:1194,4
DA:1210,8
DA:1211,8
DA:1298,2
DA:1299,2
DA:1303,0
DA:1304,0
DA:1384,3
DA:1385,3
DA:1478,2
DA:1481,2
DA:1500,6
DA:1503,6
DA:1504,6
DA:1505,6
DA:1569,2
DA:1571,2
DA:1572,2
DA:1574,2
DA:1576,2
DA:1579,0
DA:1580,2
DA:1584,2
DA:1585,2
DA:1605,2
DA:1608,2
DA:1609,2
DA:1611,2
DA:1613,2
DA:1616,0
DA:1617,2
DA:1628,2
DA:1631,2
DA:1632,2
DA:1634,2
DA:1635,2
DA:1639,0
DA:1640,2
DA:1896,0
DA:1898,0
DA:1899,0
DA:1900,0
DA:2113,2
DA:2118,2
DA:2194,0
DA:2196,0
DA:2197,0
DA:2198,0
DA:2199,0
LF:143
LH:119
end_of_record
TN:
SF:/usr/include/c++/9/bits/stl_function.h
FN:433,_ZNKSt4lessIPKcEclES1_S1_
FNDA:52,_ZNKSt4lessIPKcEclES1_S1_
FNF:1
FNH:1
DA:433,52
DA:443,52
LF:2
LH:2
end_of_record
TN:
SF:/usr/include/c++/9/bits/stl_iterator.h
FN:803,_ZN9__gnu_cxx17__normal_iteratorIPSt4pairIiiESt6vectorIS2_SaIS2_EEEC2ERKS3_
FN:803,_ZN9__gnu_cxx17__normal_iteratorIPcNSt7__cxx1112basic_stringIcSt11char_traitsIcESaIcEEEEC2ERKS1_
FN:803,_ZN9__gnu_cxx17__normal_iteratorIPiSt6vectorIiSaIiEEEC2ERKS1_
FN:803,_ZN9__gnu_cxx17__normal_iteratorIPKiSt6vectorIiSaIiEEEC2ERKS2_
FN:803,_ZN9__gnu_cxx17__normal_iteratorIPKSt6vectorISt4pairIiiESaIS3_EES1_IS5_SaIS5_EEEC2ERKS7_
FN:803,_ZN9__gnu_cxx17__normal_iteratorIPKSt4pairIiiESt6vectorIS2_SaIS2_EEEC2ERKS4_
FN:816,_ZNK9__gnu_cxx17__normal_iteratorIPKSt4pairIiiESt6vectorIS2_SaIS2_EEEdeEv
FN:816,_ZNK9__gnu_cxx17__normal_iteratorIPKSt6vectorISt4pairIiiESaIS3_EES1_IS5_SaIS5_EEEdeEv
FN:816,_ZNK9__gnu_cxx17__normal_iteratorIPiSt6vectorIiSaIiEEEdeEv
FN:816,_ZNK9__gnu_cxx17__normal_iteratorIPcNSt7__cxx1112basic_stringIcSt11char_traitsIcESaIcEEEEdeEv
FN:816,_ZNK9__gnu_cxx17__normal_iteratorIPSt4pairIiiESt6vectorIS2_SaIS2_EEEdeEv
FN:824,_ZN9__gnu_cxx17__normal_iteratorIPcNSt7__cxx1112basic_stringIcSt11char_traitsIcESaIcEEEEppEv
FN:824,_ZN9__gnu_cxx17__normal_iteratorIPKSt6vectorISt4pairIiiESaIS3_EES1_IS5_SaIS5_EEEppEv
FN:824,_ZN9__gnu_cxx17__normal_iteratorIPSt4pairIiiESt6vectorIS2_SaIS2_EEEppEv
FN:824,_ZN9__gnu_cxx17__normal_iteratorIPiSt6vectorIiSaIiEEEppEv
FN:824,_ZN9__gnu_cxx17__normal_iteratorIPKSt4pairIiiESt6vectorIS2_SaIS2_EEEppEv
FN:864,_ZNK9__gnu_cxx17__normal_iteratorIPSt4pairIiiESt6vectorIS2_SaIS2_EEEmiEl
FN:868,_ZNK9__gnu_cxx17__normal_iteratorIPcNSt7__cxx1112basic_stringIcSt11char_traitsIcESaIcEEEE4baseEv
FN:868,_ZNK9__gnu_cxx17__normal_iteratorIPKiSt6vectorIiSaIiEEE4baseEv
FN:868,_ZNK9__gnu_cxx17__normal_iteratorIPKSt4pairIiiESt6vectorIS2_SaIS2_EEE4baseEv
FN:868,_ZNK9__gnu_cxx17__normal_iteratorIPKSt6vectorISt4pairIiiESaIS3_EES1_IS5_SaIS5_EEE4baseEv
FN:868,_ZNK9__gnu_cxx17__normal_iteratorIPSt4pairIiiESt6vectorIS2_SaIS2_EEE4baseEv
FN:868,_ZNK9__gnu_cxx17__normal_iteratorIPiSt6vectorIiSaIiEEE4baseEv
FN:890,_ZN9__gnu_cxxeqIPKiSt6vectorIiSaIiEEEEbRKNS_17__normal_iteratorIT_T0_EESB_
FN:904,_ZN9__gnu_cxxneIPKSt6vectorISt4pairIiiESaIS3_EES1_IS5_SaIS5_EEEEbRKNS_17__normal_iteratorIT_T0_EESF_
FN:904,_ZN9__gnu_cxxneIPiSt6vectorIiSaIiEEEEbRKNS_17__normal_iteratorIT_T0_EESA_
FN:904,_ZN9__gnu_cxxneIPcNSt7__cxx1112basic_stringIcSt11char_traitsIcESaIcEEEEEbRKNS_17__normal_iteratorIT_T0_EESD_
FN:904,_ZN9__gnu_cxxneIPKSt4pairIiiESt6vectorIS2_SaIS2_EEEEbRKNS_17__normal_iteratorIT_T0_EESD_
FN:904,_ZN9__gnu_cxxneIPSt4pairIiiESt6vectorIS2_SaIS2_EEEEbRKNS_17__normal_iteratorIT_T0_EESC_
FN:986,_ZN9__gnu_cxxmiIPSt4pairIiiESt6vectorIS2_SaIS2_EEEENS_17__normal_iteratorIT_T0_E15difference_typeERKSA_SD_
FN:986,_ZN9__gnu_cxxmiIPiSt6vectorIiSaIiEEEENS_17__normal_iteratorIT_T0_E15difference_typeERKS8_SB_
FN:1007,_ZSt12__niter_baseIPKiSt6vectorIiSaIiEEET_N9__gnu_cxx17__normal_iteratorIS5_T0_EE
FNDA:6,_ZN9__gnu_cxx17__normal_iteratorIPiSt6vectorIiSaIiEEEC2ERKS1_
FNDA:12,_ZSt12__niter_baseIPKiSt6vectorIiSaIiEEET_N9__gnu_cxx17__normal_iteratorIS5_T0_EE
FNDA:2,_ZN9__gnu_cxx17__normal_iteratorIPcNSt7__cxx1112basic_stringIcSt11char_traitsIcESaIcEEEEC2ERKS1_
FNDA:6,_ZN9__gnu_cxx17__normal_iteratorIPKSt6vectorISt4pairIiiESaIS3_EES1_IS5_SaIS5_EEEppEv
FNDA:14,_ZN9__gnu_cxx17__normal_iteratorIPKiSt6vectorIiSaIiEEEC2ERKS2_
FNDA:14,_ZNK9__gnu_cxx17__normal_iteratorIPKiSt6vectorIiSaIiEEE4baseEv
FNDA:16,_ZNK9__gnu_cxx17__normal_iteratorIPSt4pairIiiESt6vectorIS2_SaIS2_EEEmiEl
FNDA:8,_ZNK9__gnu_cxx17__normal_iteratorIPKSt4pairIiiESt6vectorIS2_SaIS2_EEEdeEv
FNDA:3,_ZN9__gnu_cxx17__normal_iteratorIPcNSt7__cxx1112basic_stringIcSt11char_traitsIcESaIcEEEEppEv
FNDA:8,_ZNK9__gnu_cxx17__normal_iteratorIPcNSt7__cxx1112basic_stringIcSt11char_traitsIcESaIcEEEE4baseEv
FNDA:15,_ZN9__gnu_cxxmiIPSt4pairIiiESt6vectorIS2_SaIS2_EEEENS_17__normal_iteratorIT_T0_E15difference_typeERKSA_SD_
FNDA:28,_ZNK9__gnu_cxx17__normal_iteratorIPKSt4pairIiiESt6vectorIS2_SaIS2_EEE4baseEv
FNDA:14,_ZNK9__gnu_cxx17__normal_iteratorIPKSt6vectorISt4pairIiiESaIS3_EES1_IS5_SaIS5_EEE4baseEv
FNDA:126,_ZN9__gnu_cxx17__normal_iteratorIPSt4pairIiiESt6vectorIS2_SaIS2_EEEC2ERKS3_
FNDA:6,_ZNK9__gnu_cxx17__normal_iteratorIPKSt6vectorISt4pairIiiESaIS3_EES1_IS5_SaIS5_EEEdeEv
FNDA:48,_ZNK9__gnu_cxx17__normal_iteratorIPSt4pairIiiESt6vectorIS2_SaIS2_EEEdeEv
FNDA:4,_ZN9__gnu_cxxneIPcNSt7__cxx1112basic_stringIcSt11char_traitsIcESaIcEEEEEbRKNS_17__normal_iteratorIT_T0_EESD_
FNDA:1,_ZN9__gnu_cxxeqIPKiSt6vectorIiSaIiEEEEbRKNS_17__normal_iteratorIT_T0_EESB_
FNDA:14,_ZN9__gnu_cxxneIPKSt4pairIiiESt6vectorIS2_SaIS2_EEEEbRKNS_17__normal_iteratorIT_T0_EESD_
FNDA:2,_ZN9__gnu_cxx17__normal_iteratorIPiSt6vectorIiSaIiEEEppEv
FNDA:64,_ZN9__gnu_cxxneIPSt4pairIiiESt6vectorIS2_SaIS2_EEEEbRKNS_17__normal_iteratorIT_T0_EESC_
FNDA:8,_ZN9__gnu_cxx17__normal_iteratorIPKSt4pairIiiESt6vectorIS2_SaIS2_EEEppEv
FNDA:188,_ZNK9__gnu_cxx17__normal_iteratorIPSt4pairIiiESt6vectorIS2_SaIS2_EEE4baseEv
FNDA:14,_ZNK9__gnu_cxx17__normal_iteratorIPiSt6vectorIiSaIiEEE4baseEv
FNDA:2,_ZNK9__gnu_cxx17__normal_iteratorIPiSt6vectorIiSaIiEEEdeEv
FNDA:7,_ZN9__gnu_cxxneIPKSt6vectorISt4pairIiiESaIS3_EES1_IS5_SaIS5_EEEEbRKNS_17__normal_iteratorIT_T0_EESF_
FNDA:32,_ZN9__gnu_cxx17__normal_iteratorIPSt4pairIiiESt6vectorIS2_SaIS2_EEEppEv
FNDA:3,_ZNK9__gnu_cxx17__normal_iteratorIPcNSt7__cxx1112basic_stringIcSt11char_traitsIcESaIcEEEEdeEv
FNDA:2,_ZN9__gnu_cxxmiIPiSt6vectorIiSaIiEEEENS_17__normal_iteratorIT_T0_E15difference_typeERKS8_SB_
FNDA:2,_ZN9__gnu_cxx17__normal_iteratorIPKSt6vectorISt4pairIiiESaIS3_EES1_IS5_SaIS5_EEEC2ERKS7_
FNDA:3,_ZN9__gnu_cxxneIPiSt6vectorIiSaIiEEEEbRKNS_17__normal_iteratorIT_T0_EESA_
FNDA:12,_ZN9__gnu_cxx17__normal_iteratorIPKSt4pairIiiESt6vectorIS2_SaIS2_EEEC2ERKS4_
FNF:32
FNH:32
DA:803,162
DA:804,162
DA:816,67
DA:817,67
DA:824,51
DA:826,51
DA:827,51
DA:864,16
DA:865,16
DA:868,266
DA:869,266
DA:890,1
DA:893,1
DA:904,92
DA:907,92
DA:986,17
DA:989,17
DA:1007,12
DA:1009,12
LF:19
LH:19
end_of_record
TN:
SF:/usr/include/c++/9/bits/stl_iterator_base_funcs.h
FN:98,_ZSt10__distanceIPKcENSt15iterator_traitsIT_E15difference_typeES3_S3_St26random_access_iterator_tag
FN:98,_ZSt10__distanceIPcENSt15iterator_traitsIT_E15difference_typeES2_S2_St26random_access_iterator_tag
FN:138,_ZSt8distanceIPcENSt15iterator_traitsIT_E15difference_typeES2_S2_
FN:138,_ZSt8distanceIPKcENSt15iterator_traitsIT_E15difference_typeES3_S3_
FNDA:20,_ZSt10__distanceIPKcENSt15iterator_traitsIT_E15difference_typeES3_S3_St26random_access_iterator_tag
FNDA:20,_ZSt8distanceIPKcENSt15iterator_traitsIT_E15difference_typeES3_S3_
FNDA:5,_ZSt10__distanceIPcENSt15iterator_traitsIT_E15difference_typeES2_S2_St26random_access_iterator_tag
FNDA:5,_ZSt8distanceIPcENSt15iterator_traitsIT_E15difference_typeES2_S2_
FNF:4
FNH:4
DA:98,25
DA:104,25
DA:138,25
DA:141,25
DA:142,50
LF:5
LH:5
end_of_record
TN:
SF:/usr/include/c++/9/bits/stl_iterator_base_types.h
FN:205,_ZSt19__iterator_categoryIPcENSt15iterator_traitsIT_E17iterator_categoryERKS2_
FN:205,_ZSt19__iterator_categoryIPKcENSt15iterator_traitsIT_E17iterator_categoryERKS3_
FNDA:20,_ZSt19__iterator_categoryIPKcENSt15iterator_traitsIT_E17iterator_categoryERKS3_
FNDA:5,_ZSt19__iterator_categoryIPcENSt15iterator_traitsIT_E17iterator_categoryERKS2_
FNF:2
FNH:2
DA:205,25
DA:206,25
LF:2
LH:2
end_of_record
TN:
SF:/usr/include/c++/9/bits/stl_pair.h
FN:341,_ZNSt4pairIiiEC2IRiRKcLb1EEEOT_OT0_
FN:341,_ZNSt4pairIiiEC2IiRKcLb1EEEOT_OT0_
FN:341,_ZNSt4pairIiiEC2IiRcLb1EEEOT_OT0_
FN:341,_ZNSt4pairIiiEC2IRiiLb1EEEOT_OT0_
FN:341,_ZNSt4pairIiiEC2IRiS2_Lb1EEEOT_OT0_
FNDA:10,_ZNSt4pairIiiEC2IRiS2_Lb1EEEOT_OT0_
FNDA:2,_ZNSt4pairIiiEC2IRiiLb1EEEOT_OT0_
FNDA:2,_ZNSt4pairIiiEC2IiRKcLb1EEEOT_OT0_
FNDA:2,_ZNSt4pairIiiEC2IRiRKcLb1EEEOT_OT0_
FNDA:2,_ZNSt4pairIiiEC2IiRcLb1EEEOT_OT0_
FNF:5
FNH:5
DA:341,18
DA:342,18
LF:2
LH:2
end_of_record
TN:
SF:/usr/include/c++/9/bits/stl_queue.h
FN:160,_ZNSt5queueIiSt5dequeIiSaIiEEEC2IS2_vEEv
FN:197,_ZNKSt5queueIiSt5dequeIiSaIiEEE5emptyEv
FN:210,_ZNSt5queueIiSt5dequeIiSaIiEEE5frontEv
FN:259,_ZNSt5queueIiSt5dequeIiSaIiEEE4pushERKi
FN:292,_ZNSt5queueIiSt5dequeIiSaIiEEE3popEv
FNDA:2,_ZNSt5queueIiSt5dequeIiSaIiEEE3popEv
FNDA:2,_ZNSt5queueIiSt5dequeIiSaIiEEE5frontEv
FNDA:1,_ZNSt5queueIiSt5dequeIiSaIiEEEC2IS2_vEEv
FNDA:2,_ZNSt5queueIiSt5dequeIiSaIiEEE4pushERKi
FNDA:3,_ZNKSt5queueIiSt5dequeIiSaIiEEE5emptyEv
FNF:5
FNH:5
DA:160,1
DA:161,1
DA:197,3
DA:198,3
DA:210,2
DA:213,2
DA:259,2
DA:260,2
DA:292,2
DA:295,2
DA:296,2
LF:11
LH:11
end_of_record
TN:
SF:/usr/include/c++/9/bits/stl_stack.h
FN:156,_ZNSt5stackISt4pairIiiESt5dequeIS1_SaIS1_EEEC2IS4_vEEv
FN:198,_ZNKSt5stackISt4pairIiiESt5dequeIS1_SaIS1_EEE4sizeEv
FN:206,_ZNSt5stackISt4pairIiiESt5dequeIS1_SaIS1_EEE3topEv
FN:238,_ZNSt5stackISt4pairIiiESt5dequeIS1_SaIS1_EEE4pushEOS1_
FN:266,_ZNSt5stackISt4pairIiiESt5dequeIS1_SaIS1_EEE3popEv
FNDA:2,_ZNKSt5stackISt4pairIiiESt5dequeIS1_SaIS1_EEE4sizeEv
FNDA:1,_ZNSt5stackISt4pairIiiESt5dequeIS1_SaIS1_EEEC2IS4_vEEv
FNDA:2,_ZNSt5stackISt4pairIiiESt5dequeIS1_SaIS1_EEE4pushEOS1_
FNDA:4,_ZNSt5stackISt4pairIiiESt5dequeIS1_SaIS1_EEE3topEv
FNDA:2,_ZNSt5stackISt4pairIiiESt5dequeIS1_SaIS1_EEE3popEv
FNF:5
FNH:5
DA:156,1
DA:157,1
DA:198,2
DA:199,2
DA:206,4
DA:209,4
DA:238,2
DA:239,2
DA:266,2
DA:269,2
DA:270,2
LF:11
LH:11
end_of_record
TN:
SF:/usr/include/c++/9/bits/stl_uninitialized.h
FN:76,_ZNSt20__uninitialized_copyILb0EE13__uninit_copyIN9__gnu_cxx17__normal_iteratorIPKSt6vectorISt4pairIiiESaIS6_EES4_IS8_SaIS8_EEEEPS8_EET0_T_SG_SF_
FN:76,_ZNSt20__uninitialized_copyILb0EE13__uninit_copyIN9__gnu_cxx17__normal_iteratorIPKSt4pairIiiESt6vectorIS5_SaIS5_EEEEPS5_EET0_T_SE_SD_
FN:99,_ZNSt20__uninitialized_copyILb1EE13__uninit_copyIN9__gnu_cxx17__normal_iteratorIPKiSt6vectorIiSaIiEEEEPiEET0_T_SC_SB_
FN:115,_ZSt18uninitialized_copyIN9__gnu_cxx17__normal_iteratorIPKSt4pairIiiESt6vectorIS3_SaIS3_EEEEPS3_ET0_T_SC_SB_
FN:115,_ZSt18uninitialized_copyIN9__gnu_cxx17__normal_iteratorIPKiSt6vectorIiSaIiEEEEPiET0_T_SA_S9_
FN:115,_ZSt18uninitialized_copyIN9__gnu_cxx17__normal_iteratorIPKSt6vectorISt4pairIiiESaIS4_EES2_IS6_SaIS6_EEEEPS6_ET0_T_SE_SD_
FN:215,_ZNSt22__uninitialized_fill_nILb0EE15__uninit_fill_nIPSt6vectorIiSaIiEEmS4_EET_S6_T0_RKT1_
FN:238,_ZNSt22__uninitialized_fill_nILb1EE15__uninit_fill_nIPimiEET_S3_T0_RKT1_
FN:256,_ZSt20uninitialized_fill_nIPimiET_S1_T0_RKT1_
FN:256,_ZSt20uninitialized_fill_nIPSt6vectorIiSaIiEEmS2_ET_S4_T0_RKT1_
FN:305,_ZSt22__uninitialized_copy_aIN9__gnu_cxx17__normal_iteratorIPKSt6vectorISt4pairIiiESaIS4_EES2_IS6_SaIS6_EEEEPS6_S6_ET0_T_SE_SD_RSaIT1_E
FN:305,_ZSt22__uninitialized_copy_aIN9__gnu_cxx17__normal_iteratorIPKSt4pairIiiESt6vectorIS3_SaIS3_EEEEPS3_S3_ET0_T_SC_SB_RSaIT1_E
FN:305,_ZSt22__uninitialized_copy_aIN9__gnu_cxx17__normal_iteratorIPKiSt6vectorIiSaIiEEEEPiiET0_T_SA_S9_RSaIT1_E
FN:382,_ZSt24__uninitialized_fill_n_aIPSt6vectorIiSaIiEEmS2_S2_ET_S4_T0_RKT1_RSaIT2_E
FN:382,_ZSt24__uninitialized_fill_n_aIPimiiET_S1_T0_RKT1_RSaIT2_E
FN:539,_ZNSt27__uninitialized_default_n_1ILb0EE18__uninit_default_nIPSt6vectorISt4pairIiiESaIS4_EEmEET_S8_T0_
FN:561,_ZNSt27__uninitialized_default_n_1ILb1EE18__uninit_default_nIPimEET_S3_T0_
FN:592,_ZSt25__uninitialized_default_nIPSt6vectorISt4pairIiiESaIS2_EEmET_S6_T0_
FN:592,_ZSt25__uninitialized_default_nIPimET_S1_T0_
FN:661,_ZSt27__uninitialized_default_n_aIPimiET_S1_T0_RSaIT1_E
FN:661,_ZSt27__uninitialized_default_n_aIPSt6vectorISt4pairIiiESaIS2_EEmS4_ET_S6_T0_RSaIT1_E
FN:905,_ZSt19__relocate_object_aISt6vectorISt4pairIiiESaIS2_EES4_SaIS4_EEvPT_PT0_RT1_
FN:905,_ZSt19__relocate_object_aISt4pairIiiES1_SaIS1_EEvPT_PT0_RT1_
FN:924,_ZSt14__relocate_a_1IiiENSt9enable_ifIXsrSt24__is_bitwise_relocatableIT_vE5valueEPS2_E4typeES4_S4_S4_RSaIT0_E
FN:936,_ZSt14__relocate_a_1IPSt6vectorISt4pairIiiESaIS2_EES5_SaIS4_EET0_T_S8_S7_RT1_
FN:936,_ZSt14__relocate_a_1IPSt4pairIiiES2_SaIS1_EET0_T_S5_S4_RT1_
FN:958,_ZSt12__relocate_aIPiS0_SaIiEET0_T_S3_S2_RT1_
FN:958,_ZSt12__relocate_aIPSt4pairIiiES2_SaIS1_EET0_T_S5_S4_RT1_
FN:958,_ZSt12__relocate_aIPSt6vectorISt4pairIiiESaIS2_EES5_SaIS4_EET0_T_S8_S7_RT1_
FNDA:4,_ZSt14__relocate_a_1IPSt6vectorISt4pairIiiESaIS2_EES5_SaIS4_EET0_T_S8_S7_RT1_
FNDA:1,_ZNSt27__uninitialized_default_n_1ILb1EE18__uninit_default_nIPimEET_S3_T0_
FNDA:4,_ZSt12__relocate_aIPSt6vectorISt4pairIiiESaIS2_EES5_SaIS4_EET0_T_S8_S7_RT1_
FNDA:1,_ZSt20uninitialized_fill_nIPimiET_S1_T0_RKT1_
FNDA:6,_ZSt22__uninitialized_copy_aIN9__gnu_cxx17__normal_iteratorIPKiSt6vectorIiSaIiEEEEPiiET0_T_SA_S9_RSaIT1_E
FNDA:4,_ZSt14__relocate_a_1IiiENSt9enable_ifIXsrSt24__is_bitwise_relocatableIT_vE5valueEPS2_E4typeES4_S4_S4_RSaIT0_E
FNDA:1,_ZNSt22__uninitialized_fill_nILb1EE15__uninit_fill_nIPimiEET_S3_T0_RKT1_
FNDA:6,_ZSt19__relocate_object_aISt4pairIiiES1_SaIS1_EEvPT_PT0_RT1_
FNDA:30,_ZSt12__relocate_aIPSt4pairIiiES2_SaIS1_EET0_T_S5_S4_RT1_
FNDA:5,_ZNSt27__uninitialized_default_n_1ILb0EE18__uninit_default_nIPSt6vectorISt4pairIiiESaIS4_EEmEET_S8_T0_
FNDA:6,_ZSt22__uninitialized_copy_aIN9__gnu_cxx17__normal_iteratorIPKSt4pairIiiESt6vectorIS3_SaIS3_EEEEPS3_S3_ET0_T_SC_SB_RSaIT1_E
FNDA:1,_ZSt25__uninitialized_default_nIPimET_S1_T0_
FNDA:1,_ZSt18uninitialized_copyIN9__gnu_cxx17__normal_iteratorIPKSt6vectorISt4pairIiiESaIS4_EES2_IS6_SaIS6_EEEEPS6_ET0_T_SE_SD_
FNDA:1,_ZSt20uninitialized_fill_nIPSt6vectorIiSaIiEEmS2_ET_S4_T0_RKT1_
FNDA:30,_ZSt14__relocate_a_1IPSt4pairIiiES2_SaIS1_EET0_T_S5_S4_RT1_
FNDA:1,_ZSt24__uninitialized_fill_n_aIPimiiET_S1_T0_RKT1_RSaIT2_E
FNDA:1,_ZSt24__uninitialized_fill_n_aIPSt6vectorIiSaIiEEmS2_S2_ET_S4_T0_RKT1_RSaIT2_E
FNDA:1,_ZNSt20__uninitialized_copyILb0EE13__uninit_copyIN9__gnu_cxx17__normal_iteratorIPKSt6vectorISt4pairIiiESaIS6_EES4_IS8_SaIS8_EEEEPS8_EET0_T_SG_SF_
FNDA:1,_ZSt22__uninitialized_copy_aIN9__gnu_cxx17__normal_iteratorIPKSt6vectorISt4pairIiiESaIS4_EES2_IS6_SaIS6_EEEEPS6_S6_ET0_T_SE_SD_RSaIT1_E
FNDA:5,_ZSt25__uninitialized_default_nIPSt6vectorISt4pairIiiESaIS2_EEmET_S6_T0_
FNDA:6,_ZSt19__relocate_object_aISt6vectorISt4pairIiiESaIS2_EES4_SaIS4_EEvPT_PT0_RT1_
FNDA:6,_ZNSt20__uninitialized_copyILb0EE13__uninit_copyIN9__gnu_cxx17__normal_iteratorIPKSt4pairIiiESt6vectorIS5_SaIS5_EEEEPS5_EET0_T_SE_SD_
FNDA:4,_ZSt12__relocate_aIPiS0_SaIiEET0_T_S3_S2_RT1_
FNDA:5,_ZSt27__uninitialized_default_n_aIPSt6vectorISt4pairIiiESaIS2_EEmS4_ET_S6_T0_RSaIT1_E
FNDA:6,_ZSt18uninitialized_copyIN9__gnu_cxx17__normal_iteratorIPKiSt6vectorIiSaIiEEEEPiET0_T_SA_S9_
FNDA:1,_ZNSt22__uninitialized_fill_nILb0EE15__uninit_fill_nIPSt6vectorIiSaIiEEmS4_EET_S6_T0_RKT1_
FNDA:1,_ZSt27__uninitialized_default_n_aIPimiET_S1_T0_RSaIT1_E
FNDA:6,_ZSt18uninitialized_copyIN9__gnu_cxx17__normal_iteratorIPKSt4pairIiiESt6vectorIS3_SaIS3_EEEEPS3_ET0_T_SC_SB_
FNDA:6,_ZNSt20__uninitialized_copyILb1EE13__uninit_copyIN9__gnu_cxx17__normal_iteratorIPKiSt6vectorIiSaIiEEEEPiEET0_T_SC_SB_
FNF:29
FNH:29
DA:76,7
DA:79,7
DA:82,21
DA:83,14
DA:84,7
DA:86,0
DA:88,0
DA:89,0
DA:99,6
DA:101,6
DA:115,13
DA:134,13
DA:140,13
DA:215,1
DA:218,1
DA:221,7
DA:222,6
DA:223,1
DA:225,0
DA:227,0
DA:228,0
DA:238,1
DA:240,1
DA:256,2
DA:270,2
DA:273,2
DA:305,13
DA:307,13
DA:382,2
DA:384,2
DA:539,5
DA:541,5
DA:544,23
DA:545,18
DA:546,5
DA:561,1
DA:566,1
DA:592,6
DA:597,6
DA:601,6
DA:661,6
DA:663,6
DA:905,12
DA:912,12
DA:913,12
DA:914,12
DA:924,4
DA:927,4
DA:928,4
DA:929,1
DA:930,4
DA:936,34
DA:948,34
DA:949,46
DA:950,12
DA:952,34
DA:958,38
DA:964,38
DA:966,38
LF:59
LH:53
end_of_record
TN:
SF:/usr/include/c++/9/bits/stl_vector.h
FN:94,_ZNSt12_Vector_baseISt6vectorIiSaIiEESaIS2_EE17_Vector_impl_dataC2Ev
FN:94,_ZNSt12_Vector_baseISt6vectorISt4pairIiiESaIS2_EESaIS4_EE17_Vector_impl_dataC2Ev
FN:94,_ZNSt12_Vector_baseIiSaIiEE17_Vector_impl_dataC2Ev
FN:94,_ZNSt12_Vector_baseISt4pairIiiESaIS1_EE17_Vector_impl_dataC2Ev
FN:99,_ZNSt12_Vector_baseISt4pairIiiESaIS1_EE17_Vector_impl_dataC2EOS4_
FN:128,_ZNSt12_Vector_baseIiSaIiEE12_Vector_implC2Ev
FN:128,_ZNSt12_Vector_baseISt6vectorISt4pairIiiESaIS2_EESaIS4_EE12_Vector_implC2Ev
FN:128,_ZNSt12_Vector_baseISt4pairIiiESaIS1_EE12_Vector_implC2Ev
FN:133,_ZNSt12_Vector_baseISt6vectorIiSaIiEESaIS2_EE12_Vector_implC2ERKS3_
FN:133,_ZNSt12_Vector_baseIiSaIiEE12_Vector_implC2ERKS0_
FN:133,_ZNSt12_Vector_baseISt6vectorISt4pairIiiESaIS2_EESaIS4_EE12_Vector_implC2ERKS5_
FN:133,_ZNSt12_Vector_baseISt4pairIiiESaIS1_EE12_Vector_implC2ERKS2_
FN:140,_ZNSt12_Vector_baseISt4pairIiiESaIS1_EE12_Vector_implC2EOS4_
FN:273,_ZNSt12_Vector_baseISt6vectorISt4pairIiiESaIS2_EESaIS4_EE19_M_get_Tp_allocatorEv
FN:273,_ZNSt12_Vector_baseIiSaIiEE19_M_get_Tp_allocatorEv
FN:273,_ZNSt12_Vector_baseISt6vectorIiSaIiEESaIS2_EE19_M_get_Tp_allocatorEv
FN:273,_ZNSt12_Vector_baseISt4pairIiiESaIS1_EE19_M_get_Tp_allocatorEv
FN:277,_ZNKSt12_Vector_baseISt6vectorISt4pairIiiESaIS2_EESaIS4_EE19_M_get_Tp_allocatorEv
FN:277,_ZNKSt12_Vector_baseIiSaIiEE19_M_get_Tp_allocatorEv
FN:277,_ZNKSt12_Vector_baseISt4pairIiiESaIS1_EE19_M_get_Tp_allocatorEv
FN:285,_ZNSt12_Vector_baseIiSaIiEEC2Ev
FN:285,_ZNSt12_Vector_baseISt6vectorISt4pairIiiESaIS2_EESaIS4_EEC2Ev
FN:285,_ZNSt12_Vector_baseISt4pairIiiESaIS1_EEC2Ev
FN:300,_ZNSt12_Vector_baseISt6vectorISt4pairIiiESaIS2_EESaIS4_EEC2EmRKS5_
FN:300,_ZNSt12_Vector_baseIiSaIiEEC2EmRKS0_
FN:300,_ZNSt12_Vector_baseISt4pairIiiESaIS1_EEC2EmRKS2_
FN:300,_ZNSt12_Vector_baseISt6vectorIiSaIiEESaIS2_EEC2EmRKS3_
FN:305,_ZNSt12_Vector_baseISt4pairIiiESaIS1_EEC2EOS3_
FN:330,_ZNSt12_Vector_baseISt6vectorIiSaIiEESaIS2_EED2Ev
FN:330,_ZNSt12_Vector_baseIiSaIiEED2Ev
FN:330,_ZNSt12_Vector_baseISt6vectorISt4pairIiiESaIS2_EESaIS4_EED2Ev
FN:330,_ZNSt12_Vector_baseISt4pairIiiESaIS1_EED2Ev
FN:340,_ZNSt12_Vector_baseIiSaIiEE11_M_allocateEm
FN:340,_ZNSt12_Vector_baseISt6vectorISt4pairIiiESaIS2_EESaIS4_EE11_M_allocateEm
FN:340,_ZNSt12_Vector_baseISt6vectorIiSaIiEESaIS2_EE11_M_allocateEm
FN:340,_ZNSt12_Vector_baseISt4pairIiiESaIS1_EE11_M_allocateEm
FN:347,_ZNSt12_Vector_baseISt6vectorISt4pairIiiESaIS2_EESaIS4_EE13_M_deallocateEPS4_m
FN:347,_ZNSt12_Vector_baseISt6vectorIiSaIiEESaIS2_EE13_M_deallocateEPS2_m
FN:347,_ZNSt12_Vector_baseISt4pairIiiESaIS1_EE13_M_deallocateEPS1_m
FN:347,_ZNSt12_Vector_baseIiSaIiEE13_M_deallocateEPim
FN:356,_ZNSt12_Vector_baseIiSaIiEE17_M_create_storageEm
FN:356,_ZNSt12_Vector_baseISt4pairIiiESaIS1_EE17_M_create_storageEm
FN:356,_ZNSt12_Vector_baseISt6vectorISt4pairIiiESaIS2_EESaIS4_EE17_M_create_storageEm
FN:356,_ZNSt12_Vector_baseISt6vectorIiSaIiEESaIS2_EE17_M_create_storageEm
FN:450,_ZNSt6vectorIS_ISt4pairIiiESaIS1_EESaIS3_EE14_S_do_relocateEPS3_S6_S6_RS4_St17integral_constantIbLb1EE
FN:450,_ZNSt6vectorIiSaIiEE14_S_do_relocateEPiS2_S2_RS0_St17integral_constantIbLb1EE
FN:450,_ZNSt6vectorISt4pairIiiESaIS1_EE14_S_do_relocateEPS1_S4_S4_RS2_St17integral_constantIbLb1EE
FN:462,_ZNSt6vectorISt4pairIiiESaIS1_EE11_S_relocateEPS1_S4_S4_RS2_
FN:462,_ZNSt6vectorIS_ISt4pairIiiESaIS1_EESaIS3_EE11_S_relocateEPS3_S6_S6_RS4_
FN:462,_ZNSt6vectorIiSaIiEE11_S_relocateEPiS2_S2_RS0_
FN:484,_ZNSt6vectorIiSaIiEEC2Ev
FN:484,_ZNSt6vectorISt4pairIiiESaIS1_EEC2Ev
FN:484,_ZNSt6vectorIS_ISt4pairIiiESaIS1_EESaIS3_EEC2Ev
FN:507,_ZNSt6vectorIiSaIiEEC2EmRKS0_
FN:519,_ZNSt6vectorIS_IiSaIiEESaIS1_EEC2EmRKS1_RKS2_
FN:519,_ZNSt6vectorIiSaIiEEC2EmRKiRKS0_
FN:550,_ZNSt6vectorISt4pairIiiESaIS1_EEC2ERKS3_
FN:550,_ZNSt6vectorIS_ISt4pairIiiESaIS1_EESaIS3_EEC2ERKS5_
FN:550,_ZNSt6vectorIiSaIiEEC2ERKS1_
FN:569,_ZNSt6vectorISt4pairIiiESaIS1_EEC2EOS3_
FN:675,_ZNSt6vectorIS_IiSaIiEESaIS1_EED2Ev
FN:675,_ZNSt6vectorIiSaIiEED2Ev
FN:675,_ZNSt6vectorISt4pairIiiESaIS1_EED2Ev
FN:675,_ZNSt6vectorIS_ISt4pairIiiESaIS1_EESaIS3_EED2Ev
FN:808,_ZNSt6vectorISt4pairIiiESaIS1_EE5beginEv
FN:808,_ZNSt6vectorIiSaIiEE5beginEv
FN:817,_ZNKSt6vectorIS_ISt4pairIiiESaIS1_EESaIS3_EE5beginEv
FN:817,_ZNKSt6vectorIiSaIiEE5beginEv
FN:817,_ZNKSt6vectorISt4pairIiiESaIS1_EE5beginEv
FN:826,_ZNSt6vectorIiSaIiEE3endEv
FN:826,_ZNSt6vectorISt4pairIiiESaIS1_EE3endEv
FN:835,_ZNKSt6vectorIiSaIiEE3endEv
FN:835,_ZNKSt6vectorISt4pairIiiESaIS1_EE3endEv
FN:835,_ZNKSt6vectorIS_ISt4pairIiiESaIS1_EESaIS3_EE3endEv
FN:915,_ZNKSt6vectorIS_ISt4pairIiiESaIS1_EESaIS3_EE4sizeEv
FN:915,_ZNKSt6vectorISt4pairIiiESaIS1_EE4sizeEv
FN:915,_ZNKSt6vectorIiSaIiEE4sizeEv
FN:920,_ZNKSt6vectorIS_ISt4pairIiiESaIS1_EESaIS3_EE8max_sizeEv
FN:920,_ZNKSt6vectorISt4pairIiiESaIS1_EE8max_sizeEv
FN:920,_ZNKSt6vectorIiSaIiEE8max_sizeEv
FN:934,_ZNSt6vectorIS_ISt4pairIiiESaIS1_EESaIS3_EE6resizeEm
FN:1004,_ZNKSt6vectorIiSaIiEE5emptyEv
FN:1040,_ZNSt6vectorISt4pairIiiESaIS1_EEixEm
FN:1040,_ZNSt6vectorIiSaIiEEixEm
FN:1040,_ZNSt6vectorIS_ISt4pairIiiESaIS1_EESaIS3_EEixEm
FN:1040,_ZNSt6vectorIS_IiSaIiEESaIS1_EEixEm
FN:1140,_ZNSt6vectorISt4pairIiiESaIS1_EE4backEv
FN:1184,_ZNSt6vectorIiSaIiEE9push_backERKi
FN:1200,_ZNSt6vectorISt4pairIiiESaIS1_EE9push_backEOS1_
FN:1495,_ZNSt6vectorIS_ISt4pairIiiESaIS1_EESaIS3_EE5clearEv
FN:1590,_ZNSt6vectorIS_IiSaIiEESaIS1_EE18_M_fill_initializeEmRKS1_
FN:1590,_ZNSt6vectorIiSaIiEE18_M_fill_initializeEmRKi
FN:1600,_ZNSt6vectorIiSaIiEE21_M_default_initializeEm
FN:1753,_ZNKSt6vectorIiSaIiEE12_M_check_lenEmPKc
FN:1753,_ZNKSt6vectorIS_ISt4pairIiiESaIS1_EESaIS3_EE12_M_check_lenEmPKc
FN:1753,_ZNKSt6vectorISt4pairIiiESaIS1_EE12_M_check_lenEmPKc
FN:1764,_ZNSt6vectorIS_IiSaIiEESaIS1_EE17_S_check_init_lenEmRKS2_
FN:1764,_ZNSt6vectorIiSaIiEE17_S_check_init_lenEmRKS0_
FN:1773,_ZNSt6vectorIS_IiSaIiEESaIS1_EE11_S_max_sizeERKS2_
FN:1773,_ZNSt6vectorISt4pairIiiESaIS1_EE11_S_max_sizeERKS2_
FN:1773,_ZNSt6vectorIS_ISt4pairIiiESaIS1_EESaIS3_EE11_S_max_sizeERKS4_
FN:1773,_ZNSt6vectorIiSaIiEE11_S_max_sizeERKS0_
FN:1789,_ZNSt6vectorIS_ISt4pairIiiESaIS1_EESaIS3_EE15_M_erase_at_endEPS3_
FNDA:1,_ZNSt12_Vector_baseISt6vectorIiSaIiEESaIS2_EE17_Vector_impl_dataC2Ev
FNDA:5,_ZNSt6vectorIS_ISt4pairIiiESaIS1_EESaIS3_EE6resizeEm
FNDA:1,_ZNSt6vectorIS_ISt4pairIiiESaIS1_EESaIS3_EE5clearEv
FNDA:14,_ZNSt12_Vector_baseISt6vectorISt4pairIiiESaIS2_EESaIS4_EE19_M_get_Tp_allocatorEv
FNDA:7,_ZNSt12_Vector_baseISt6vectorISt4pairIiiESaIS2_EESaIS4_EE13_M_deallocateEPS4_m
FNDA:1,_ZNSt12_Vector_baseISt6vectorIiSaIiEESaIS2_EE13_M_deallocateEPS2_m
FNDA:1,_ZNSt6vectorIiSaIiEEC2EmRKS0_
FNDA:1,_ZNSt12_Vector_baseIiSaIiEE12_Vector_implC2Ev
FNDA:1,_ZNSt6vectorIS_IiSaIiEESaIS1_EE11_S_max_sizeERKS2_
FNDA:32,_ZNKSt6vectorIS_ISt4pairIiiESaIS1_EESaIS3_EE4sizeEv
FNDA:2,_ZNSt12_Vector_baseISt6vectorISt4pairIiiESaIS2_EESaIS4_EE12_Vector_implC2Ev
FNDA:1,_ZNSt6vectorIS_IiSaIiEESaIS1_EED2Ev
FNDA:10,_ZNSt6vectorISt4pairIiiESaIS1_EEixEm
FNDA:4,_ZNSt6vectorIiSaIiEE14_S_do_relocateEPiS2_S2_RS0_St17integral_constantIbLb1EE
FNDA:19,_ZNKSt12_Vector_baseISt6vectorISt4pairIiiESaIS2_EESaIS4_EE19_M_get_Tp_allocatorEv
FNDA:30,_ZNSt6vectorISt4pairIiiESaIS1_EE14_S_do_relocateEPS1_S4_S4_RS2_St17integral_constantIbLb1EE
FNDA:1,_ZNSt6vectorIS_IiSaIiEESaIS1_EEC2EmRKS1_RKS2_
FNDA:1,_ZNKSt6vectorIS_ISt4pairIiiESaIS1_EESaIS3_EE5beginEv
FNDA:86,_ZNKSt6vectorISt4pairIiiESaIS1_EE4sizeEv
FNDA:8,_ZNSt12_Vector_baseIiSaIiEE17_M_create_storageEm
FNDA:3,_ZNSt12_Vector_baseISt6vectorISt4pairIiiESaIS2_EESaIS4_EE17_Vector_impl_dataC2Ev
FNDA:6,_ZNSt12_Vector_baseISt4pairIiiESaIS1_EE17_Vector_impl_dataC2EOS4_
FNDA:45,_ZNSt12_Vector_baseISt4pairIiiESaIS1_EE13_M_deallocateEPS1_m
FNDA:3,_ZNSt6vectorIiSaIiEE3endEv
FNDA:4,_ZNSt6vectorIS_ISt4pairIiiESaIS1_EESaIS3_EE14_S_do_relocateEPS3_S6_S6_RS4_St17integral_constantIbLb1EE
FNDA:16,_ZNSt6vectorIiSaIiEEixEm
FNDA:8,_ZNSt12_Vector_baseIiSaIiEEC2EmRKS0_
FNDA:7,_ZNKSt6vectorIiSaIiEE5beginEv
FNDA:1,_ZNSt12_Vector_baseISt6vectorISt4pairIiiESaIS2_EESaIS4_EEC2EmRKS5_
FNDA:6,_ZNSt6vectorISt4pairIiiESaIS1_EEC2ERKS3_
FNDA:18,_ZNSt12_Vector_baseISt4pairIiiESaIS1_EE12_Vector_implC2Ev
FNDA:1,_ZNSt12_Vector_baseIiSaIiEEC2Ev
FNDA:14,_ZNKSt6vectorIiSaIiEE4sizeEv
FNDA:18,_ZNKSt6vectorIS_ISt4pairIiiESaIS1_EESaIS3_EE8max_sizeEv
FNDA:1,_ZNSt6vectorIS_IiSaIiEESaIS1_EE18_M_fill_initializeEmRKS1_
FNDA:9,_ZNSt12_Vector_baseIiSaIiEE17_Vector_impl_dataC2Ev
FNDA:78,_ZNSt6vectorIS_ISt4pairIiiESaIS1_EESaIS3_EEixEm
FNDA:1,_ZNSt12_Vector_baseISt6vectorIiSaIiEESaIS2_EED2Ev
FNDA:1,_ZNSt6vectorIS_ISt4pairIiiESaIS1_EESaIS3_EE15_M_erase_at_endEPS3_
FNDA:6,_ZNSt12_Vector_baseISt4pairIiiESaIS1_EE17_M_create_storageEm
FNDA:1,_ZNSt6vectorIiSaIiEE21_M_default_initializeEm
FNDA:16,_ZNSt6vectorISt4pairIiiESaIS1_EE4backEv
FNDA:10,_ZNSt12_Vector_baseIiSaIiEE11_M_allocateEm
FNDA:1,_ZNSt12_Vector_baseISt6vectorIiSaIiEESaIS2_EE12_Vector_implC2ERKS3_
FNDA:30,_ZNSt6vectorISt4pairIiiESaIS1_EE11_S_relocateEPS1_S4_S4_RS2_
FNDA:1,_ZNSt6vectorIS_ISt4pairIiiESaIS1_EESaIS3_EEC2ERKS5_
FNDA:9,_ZNSt6vectorIiSaIiEED2Ev
FNDA:47,_ZNSt6vectorISt4pairIiiESaIS1_EE5beginEv
FNDA:6,_ZNSt12_Vector_baseISt4pairIiiESaIS1_EEC2EmRKS2_
FNDA:1,_ZNSt6vectorIS_IiSaIiEESaIS1_EE17_S_check_init_lenEmRKS2_
FNDA:2,_ZNSt6vectorIiSaIiEE9push_backERKi
FNDA:2,_ZNKSt6vectorIiSaIiEE12_M_check_lenEmPKc
FNDA:2,_ZNSt12_Vector_baseISt6vectorIiSaIiEESaIS2_EE19_M_get_Tp_allocatorEv
FNDA:11,_ZNSt12_Vector_baseIiSaIiEE13_M_deallocateEPim
FNDA:36,_ZNKSt12_Vector_baseISt4pairIiiESaIS1_EE19_M_get_Tp_allocatorEv
FNDA:30,_ZNSt6vectorISt4pairIiiESaIS1_EE11_S_max_sizeERKS2_
FNDA:9,_ZNSt12_Vector_baseIiSaIiEED2Ev
FNDA:10,_ZNKSt12_Vector_baseIiSaIiEE19_M_get_Tp_allocatorEv
FNDA:21,_ZNSt12_Vector_baseIiSaIiEE19_M_get_Tp_allocatorEv
FNDA:1,_ZNSt12_Vector_baseISt6vectorISt4pairIiiESaIS2_EESaIS4_EE17_M_create_storageEm
FNDA:6,_ZNSt12_Vector_baseISt4pairIiiESaIS1_EE12_Vector_implC2EOS4_
FNDA:18,_ZNSt6vectorIS_ISt4pairIiiESaIS1_EESaIS3_EE11_S_max_sizeERKS4_
FNDA:4,_ZNSt6vectorIS_ISt4pairIiiESaIS1_EESaIS3_EE11_S_relocateEPS3_S6_S6_RS4_
FNDA:30,_ZNSt6vectorISt4pairIiiESaIS1_EED2Ev
FNDA:6,_ZNSt6vectorIiSaIiEEC2ERKS1_
FNDA:3,_ZNSt12_Vector_baseISt6vectorISt4pairIiiESaIS2_EESaIS4_EED2Ev
FNDA:1,_ZNSt6vectorIiSaIiEE18_M_fill_initializeEmRKi
FNDA:4,_ZNKSt6vectorIS_ISt4pairIiiESaIS1_EESaIS3_EE12_M_check_lenEmPKc
FNDA:7,_ZNKSt6vectorIiSaIiEE3endEv
FNDA:5,_ZNSt12_Vector_baseISt6vectorISt4pairIiiESaIS2_EESaIS4_EE11_M_allocateEm
FNDA:6,_ZNKSt6vectorISt4pairIiiESaIS1_EE5beginEv
FNDA:2,_ZNSt12_Vector_baseISt6vectorISt4pairIiiESaIS2_EESaIS4_EEC2Ev
FNDA:30,_ZNSt12_Vector_baseISt4pairIiiESaIS1_EED2Ev
FNDA:1,_ZNKSt6vectorIiSaIiEE5emptyEv
FNDA:16,_ZNSt6vectorISt4pairIiiESaIS1_EE9push_backEOS1_
FNDA:6,_ZNKSt6vectorISt4pairIiiESaIS1_EE3endEv
FNDA:1,_ZNSt12_Vector_baseISt6vectorISt4pairIiiESaIS2_EESaIS4_EE12_Vector_implC2ERKS5_
FNDA:1,_ZNKSt6vectorIS_ISt4pairIiiESaIS1_EESaIS3_EE3endEv
FNDA:13,_ZNSt6vectorIS_IiSaIiEESaIS1_EEixEm
FNDA:30,_ZNKSt6vectorISt4pairIiiESaIS1_EE8max_sizeEv
FNDA:8,_ZNSt12_Vector_baseIiSaIiEE12_Vector_implC2ERKS0_
FNDA:1,_ZNSt6vectorIiSaIiEEC2Ev
FNDA:15,_ZNKSt6vectorISt4pairIiiESaIS1_EE12_M_check_lenEmPKc
FNDA:1,_ZNSt12_Vector_baseISt6vectorIiSaIiEESaIS2_EE11_M_allocateEm
FNDA:3,_ZNSt6vectorIS_ISt4pairIiiESaIS1_EESaIS3_EED2Ev
[...]
FN:80,_ZN9__gnu_cxx13new_allocatorISt6vectorIiSaIiEEEC2Ev
FN:80,_ZN9__gnu_cxx13new_allocatorISt6vectorISt4pairIiiESaIS3_EEEC2Ev
FN:80,_ZN9__gnu_cxx13new_allocatorISt4pairIiiEEC2Ev
FN:80,_ZN9__gnu_cxx13new_allocatorIbEC2Ev
FN:80,_ZN9__gnu_cxx13new_allocatorIPSt4pairIiiEEC2Ev
FN:80,_ZN9__gnu_cxx13new_allocatorIPiEC2Ev
FN:80,_ZN9__gnu_cxx13new_allocatorImEC2Ev
FN:83,_ZN9__gnu_cxx13new_allocatorISt4pairIiiEEC2ERKS3_
FN:83,_ZN9__gnu_cxx13new_allocatorISt6vectorIiSaIiEEEC2ERKS4_
FN:83,_ZN9__gnu_cxx13new_allocatorIcEC2ERKS1_
FN:83,_ZN9__gnu_cxx13new_allocatorISt6vectorISt4pairIiiESaIS3_EEEC2ERKS6_
FN:83,_ZN9__gnu_cxx13new_allocatorImEC2ERKS1_
FN:83,_ZN9__gnu_cxx13new_allocatorIiEC2ERKS1_
FN:89,_ZN9__gnu_cxx13new_allocatorIPSt4pairIiiEED2Ev
FN:89,_ZN9__gnu_cxx13new_allocatorImED2Ev
FN:89,_ZN9__gnu_cxx13new_allocatorISt4pairIiiEED2Ev
FN:89,_ZN9__gnu_cxx13new_allocatorIbED2Ev
FN:89,_ZN9__gnu_cxx13new_allocatorIcED2Ev
FN:89,_ZN9__gnu_cxx13new_allocatorISt6vectorIiSaIiEEED2Ev
FN:89,_ZN9__gnu_cxx13new_allocatorISt6vectorISt4pairIiiESaIS3_EEED2Ev
FN:89,_ZN9__gnu_cxx13new_allocatorIiED2Ev
FN:89,_ZN9__gnu_cxx13new_allocatorIPiED2Ev
FN:102,_ZN9__gnu_cxx13new_allocatorIiE8allocateEmPKv
FN:102,_ZN9__gnu_cxx13new_allocatorISt4pairIiiEE8allocateEmPKv
FN:102,_ZN9__gnu_cxx13new_allocatorIPiE8allocateEmPKv
FN:102,_ZN9__gnu_cxx13new_allocatorISt6vectorISt4pairIiiESaIS3_EEE8allocateEmPKv
FN:102,_ZN9__gnu_cxx13new_allocatorISt6vectorIiSaIiEEE8allocateEmPKv
FN:102,_ZN9__gnu_cxx13new_allocatorIPSt4pairIiiEE8allocateEmPKv
FN:102,_ZN9__gnu_cxx13new_allocatorIcE8allocateEmPKv
FN:102,_ZN9__gnu_cxx13new_allocatorImE8allocateEmPKv
FN:119,_ZN9__gnu_cxx13new_allocatorISt6vectorIiSaIiEEE10deallocateEPS3_m
FN:119,_ZN9__gnu_cxx13new_allocatorIPSt4pairIiiEE10deallocateEPS3_m
FN:119,_ZN9__gnu_cxx13new_allocatorImE10deallocateEPmm
FN:119,_ZN9__gnu_cxx13new_allocatorIPiE10deallocateEPS1_m
FN:119,_ZN9__gnu_cxx13new_allocatorISt6vectorISt4pairIiiESaIS3_EEE10deallocateEPS5_m
FN:119,_ZN9__gnu_cxx13new_allocatorIiE10deallocateEPim
FN:119,_ZN9__gnu_cxx13new_allocatorISt4pairIiiEE10deallocateEPS2_m
FN:119,_ZN9__gnu_cxx13new_allocatorIcE10deallocateEPcm
FN:132,_ZNK9__gnu_cxx13new_allocatorIPSt4pairIiiEE8max_sizeEv
FN:132,_ZNK9__gnu_cxx13new_allocatorImE8max_sizeEv
FN:132,_ZNK9__gnu_cxx13new_allocatorIiE8max_sizeEv
FN:132,_ZNK9__gnu_cxx13new_allocatorIPiE8max_sizeEv
FN:132,_ZNK9__gnu_cxx13new_allocatorISt6vectorISt4pairIiiESaIS3_EEE8max_sizeEv
FN:132,_ZNK9__gnu_cxx13new_allocatorISt6vectorIiSaIiEEE8max_sizeEv
FN:132,_ZNK9__gnu_cxx13new_allocatorISt4pairIiiEE8max_sizeEv
FN:132,_ZNK9__gnu_cxx13new_allocatorIcE8max_sizeEv
FN:144,_ZN9__gnu_cxx13new_allocatorISt6vectorISt4pairIiiESaIS3_EEE9constructIS5_JS5_EEEvPT_DpOT0_
FN:144,_ZN9__gnu_cxx13new_allocatorISt4pairIiiEE9constructIS2_JS2_EEEvPT_DpOT0_
FN:144,_ZN9__gnu_cxx13new_allocatorIiE9constructIiJRKiEEEvPT_DpOT0_
FN:150,_ZN9__gnu_cxx13new_allocatorIiE7destroyIiEEvPT_
FN:150,_ZN9__gnu_cxx13new_allocatorISt6vectorISt4pairIiiESaIS3_EEE7destroyIS5_EEvPT_
FN:150,_ZN9__gnu_cxx13new_allocatorISt4pairIiiEE7destroyIS2_EEvPT_
FNDA:2,_ZN9__gnu_cxx13new_allocatorIcE10deallocateEPcm
FNDA:2,_ZN9__gnu_cxx13new_allocatorIPSt4pairIiiEEC2Ev
FNDA:16,_ZN9__gnu_cxx13new_allocatorIiEC2ERKS1_
FNDA:4,_ZN9__gnu_cxx13new_allocatorIiE9constructIiJRKiEEEvPT_DpOT0_
FNDA:21,_ZN9__gnu_cxx13new_allocatorISt4pairIiiEE10deallocateEPS2_m
FNDA:1,_ZNK9__gnu_cxx13new_allocatorIPiE8max_sizeEv
FNDA:17,_ZNK9__gnu_cxx13new_allocatorIiE8max_sizeEv
FNDA:1,_ZN9__gnu_cxx13new_allocatorIPSt4pairIiiEE8allocateEmPKv
FNDA:2,_ZN9__gnu_cxx13new_allocatorIPiEC2Ev
FNDA:3,_ZN9__gnu_cxx13new_allocatorISt6vectorIiSaIiEEED2Ev
FNDA:6,_ZN9__gnu_cxx13new_allocatorISt6vectorISt4pairIiiESaIS3_EEE7destroyIS5_EEvPT_
FNDA:6,_ZN9__gnu_cxx13new_allocatorIbEC2Ev
FNDA:0,_ZN9__gnu_cxx13new_allocatorIcED2Ev
FNDA:6,_ZN9__gnu_cxx13new_allocatorIbED2Ev
FNDA:96,_ZN9__gnu_cxx13new_allocatorIcE8allocateEmPKv
FNDA:8,_ZN9__gnu_cxx13new_allocatorImE8allocateEmPKv
FNDA:51,_ZNK9__gnu_cxx13new_allocatorISt4pairIiiEE8max_sizeEv
FNDA:20,_ZN9__gnu_cxx13new_allocatorIiED2Ev
FNDA:2,_ZN9__gnu_cxx13new_allocatorIPiED2Ev
FNDA:8,_ZN9__gnu_cxx13new_allocatorImEC2Ev
FNDA:303,_ZNK9__gnu_cxx13new_allocatorIcE8max_sizeEv
FNDA:23,_ZNK9__gnu_cxx13new_allocatorISt6vectorISt4pairIiiESaIS3_EEE8max_sizeEv
FNDA:8,_ZN9__gnu_cxx13new_allocatorISt4pairIiiEE7destroyIS2_EEvPT_
FNDA:4,_ZN9__gnu_cxx13new_allocatorISt6vectorISt4pairIiiESaIS3_EEED2Ev
FNDA:2,_ZNK9__gnu_cxx13new_allocatorISt6vectorIiSaIiEEE8max_sizeEv
FNDA:14,_ZN9__gnu_cxx13new_allocatorImED2Ev
FNDA:4,_ZN9__gnu_cxx13new_allocatorIiEC2Ev
FNDA:21,_ZN9__gnu_cxx13new_allocatorISt4pairIiiEE8allocateEmPKv
FNDA:11,_ZN9__gnu_cxx13new_allocatorIiE8allocateEmPKv
FNDA:0,_ZN9__gnu_cxx13new_allocatorIcEC2Ev
FNDA:2,_ZN9__gnu_cxx13new_allocatorISt6vectorISt4pairIiiESaIS3_EEEC2ERKS6_
FNDA:0,_ZN9__gnu_cxx13new_allocatorIcEC2ERKS1_
FNDA:1,_ZN9__gnu_cxx13new_allocatorIPiE8allocateEmPKv
FNDA:37,_ZN9__gnu_cxx13new_allocatorISt4pairIiiEED2Ev
FNDA:2,_ZN9__gnu_cxx13new_allocatorISt6vectorIiSaIiEEEC2ERKS4_
FNDA:18,_ZN9__gnu_cxx13new_allocatorISt4pairIiiEEC2ERKS3_
FNDA:1,_ZNK9__gnu_cxx13new_allocatorIPSt4pairIiiEE8max_sizeEv
FNDA:1,_ZN9__gnu_cxx13new_allocatorISt6vectorIiSaIiEEE10deallocateEPS3_m
FNDA:1,_ZN9__gnu_cxx13new_allocatorIPiE10deallocateEPS1_m
FNDA:6,_ZN9__gnu_cxx13new_allocatorISt6vectorISt4pairIiiESaIS3_EEE9constructIS5_JS5_EEEvPT_DpOT0_
FNDA:8,_ZN9__gnu_cxx13new_allocatorImE10deallocateEPmm
FNDA:1,_ZN9__gnu_cxx13new_allocatorIPSt4pairIiiEE10deallocateEPS3_m
FNDA:2,_ZN9__gnu_cxx13new_allocatorIPSt4pairIiiEED2Ev
FNDA:24,_ZN9__gnu_cxx13new_allocatorISt4pairIiiEE9constructIS2_JS2_EEEvPT_DpOT0_
FNDA:11,_ZN9__gnu_cxx13new_allocatorIiE10deallocateEPim
FNDA:6,_ZN9__gnu_cxx13new_allocatorImEC2ERKS1_
FNDA:5,_ZN9__gnu_cxx13new_allocatorISt6vectorISt4pairIiiESaIS3_EEE10deallocateEPS5_m
FNDA:5,_ZN9__gnu_cxx13new_allocatorISt6vectorISt4pairIiiESaIS3_EEE8allocateEmPKv
FNDA:1,_ZN9__gnu_cxx13new_allocatorISt6vectorIiSaIiEEE8allocateEmPKv
FNDA:1,_ZN9__gnu_cxx13new_allocatorISt6vectorIiSaIiEEEC2Ev
FNDA:2,_ZN9__gnu_cxx13new_allocatorIiE7destroyIiEEvPT_
FNDA:19,_ZN9__gnu_cxx13new_allocatorISt4pairIiiEEC2Ev
FNDA:2,_ZN9__gnu_cxx13new_allocatorISt6vectorISt4pairIiiESaIS3_EEEC2Ev
FNDA:12,_ZNK9__gnu_cxx13new_allocatorImE8max_sizeEv
FNF:54
FNH:51
DA:80,44
DA:83,44
DA:89,88
DA:102,144
DA:104,144
DA:105,0
DA:114,144
DA:119,50
DA:128,50
DA:132,410
DA:135,410
DA:144,34
DA:146,34
DA:150,16
DA:152,16
LF:15
LH:14
end_of_record
TN:
SF:/usr/include/c++/9/ext/string_conversions.h
FN:99,_ZN9__gnu_cxx12__to_xstringINSt7__cxx1112basic_stringIcSt11char_traitsIcESaIcEEEcEET_PFiPT0_mPKS8_P13__va_list_tagEmSB_z
FNDA:1,_ZN9__gnu_cxx12__to_xstringINSt7__cxx1112basic_stringIcSt11char_traitsIcESaIcEEEcEET_PFiPT0_mPKS8_P13__va_list_tagEmSB_z
FNF:1
FNH:1
DA:99,1
DA:105,1
DA:109,1
DA:111,1
DA:113,1
DA:115,1
LF:6
LH:6
end_of_record
TN:
SF:/usr/include/c++/9/ext/type_traits.h
FN:152,_ZN9__gnu_cxx17__is_null_pointerIKcEEbPT_
FN:152,_ZN9__gnu_cxx17__is_null_pointerIcEEbPT_
FNDA:5,_ZN9__gnu_cxx17__is_null_pointerIcEEbPT_
FNDA:20,_ZN9__gnu_cxx17__is_null_pointerIKcEEbPT_
FNF:2
FNH:2
DA:152,25
DA:153,25
LF:2
LH:2
end_of_record
TN:
SF:/usr/include/c++/9/new
FN:173,_ZnwmPv
FN:179,_ZdlPvS_
FNDA:72,_ZnwmPv
FNDA:0,_ZdlPvS_
FNF:2
FNH:1
DA:173,72
DA:174,72
DA:179,0
LF:3
LH:2
end_of_record
TN:
SF:/usr/include/c++/9/tuple
FN:113,_ZNSt10_Head_baseILm1ESt14default_deleteINSt7__cxx1112basic_stringIcSt11char_traitsIcESaIcEEEELb1EE7_M_headERS8_
FN:113,_ZNSt10_Head_baseILm1ESt14default_deleteINSt7__cxx1118basic_stringstreamIcSt11char_traitsIcESaIcEEEELb1EE7_M_headERS8_
FN:160,_ZNSt10_Head_baseILm0EPNSt7__cxx1112basic_stringIcSt11char_traitsIcESaIcEEELb0EE7_M_headERS7_
FN:160,_ZNSt10_Head_baseILm0EPNSt7__cxx1118basic_stringstreamIcSt11char_traitsIcESaIcEEELb0EE7_M_headERS7_
FN:163,_ZNSt10_Head_baseILm0EPNSt7__cxx1112basic_stringIcSt11char_traitsIcESaIcEEELb0EE7_M_headERKS7_
FN:195,_ZNSt11_Tuple_implILm0EJPNSt7__cxx1112basic_stringIcSt11char_traitsIcESaIcEEESt14default_deleteIS5_EEE7_M_headERS9_
FN:195,_ZNSt11_Tuple_implILm0EJPNSt7__cxx1118basic_stringstreamIcSt11char_traitsIcESaIcEEESt14default_deleteIS5_EEE7_M_headERS9_
FN:198,_ZNSt11_Tuple_implILm0EJPNSt7__cxx1112basic_stringIcSt11char_traitsIcESaIcEEESt14default_deleteIS5_EEE7_M_headERKS9_
FN:334,_ZNSt11_Tuple_implILm1EJSt14default_deleteINSt7__cxx1112basic_stringIcSt11char_traitsIcESaIcEEEEEE7_M_headERS8_
FN:334,_ZNSt11_Tuple_implILm1EJSt14default_deleteINSt7__cxx1118basic_stringstreamIcSt11char_traitsIcESaIcEEEEEE7_M_headERS8_
FN:1309,_ZSt12__get_helperILm1ESt14default_deleteINSt7__cxx1118basic_stringstreamIcSt11char_traitsIcESaIcEEEEJEERT0_RSt11_Tuple_implIXT_EJS8_DpT1_EE
FN:1309,_ZSt12__get_helperILm0EPNSt7__cxx1118basic_stringstreamIcSt11char_traitsIcESaIcEEEJSt14default_deleteIS5_EEERT0_RSt11_Tuple_implIXT_EJS9_DpT1_EE
FN:1309,_ZSt12__get_helperILm1ESt14default_deleteINSt7__cxx1112basic_stringIcSt11char_traitsIcESaIcEEEEJEERT0_RSt11_Tuple_implIXT_EJS8_DpT1_EE
FN:1309,_ZSt12__get_helperILm0EPNSt7__cxx1112basic_stringIcSt11char_traitsIcESaIcEEEJSt14default_deleteIS5_EEERT0_RSt11_Tuple_implIXT_EJS9_DpT1_EE
FN:1314,_ZSt12__get_helperILm0EPNSt7__cxx1112basic_stringIcSt11char_traitsIcESaIcEEEJSt14default_deleteIS5_EEERKT0_RKSt11_Tuple_implIXT_EJS9_DpT1_EE
FN:1320,_ZSt3getILm0EJPNSt7__cxx1118basic_stringstreamIcSt11char_traitsIcESaIcEEESt14default_deleteIS5_EEERNSt13tuple_elementIXT_ESt5tupleIJDpT0_EEE4typeERSD_
FN:1320,_ZSt3getILm1EJPNSt7__cxx1112basic_stringIcSt11char_traitsIcESaIcEEESt14default_deleteIS5_EEERNSt13tuple_elementIXT_ESt5tupleIJDpT0_EEE4typeERSD_
FN:1320,_ZSt3getILm1EJPNSt7__cxx1118basic_stringstreamIcSt11char_traitsIcESaIcEEESt14default_deleteIS5_EEERNSt13tuple_elementIXT_ESt5tupleIJDpT0_EEE4typeERSD_
FN:1320,_ZSt3getILm0EJPNSt7__cxx1112basic_stringIcSt11char_traitsIcESaIcEEESt14default_deleteIS5_EEERNSt13tuple_elementIXT_ESt5tupleIJDpT0_EEE4typeERSD_
FN:1326,_ZSt3getILm0EJPNSt7__cxx1112basic_stringIcSt11char_traitsIcESaIcEEESt14default_deleteIS5_EEERKNSt13tuple_elementIXT_ESt5tupleIJDpT0_EEE4typeERKSD_
FNDA:0,_ZSt12__get_helperILm1ESt14default_deleteINSt7__cxx1118basic_stringstreamIcSt11char_traitsIcESaIcEEEEJEERT0_RSt11_Tuple_implIXT_EJS8_DpT1_EE
FNDA:1,_ZNSt10_Head_baseILm0EPNSt7__cxx1112basic_stringIcSt11char_traitsIcESaIcEEELb0EE7_M_headERS7_
FNDA:0,_ZSt3getILm0EJPNSt7__cxx1118basic_stringstreamIcSt11char_traitsIcESaIcEEESt14default_deleteIS5_EEERNSt13tuple_elementIXT_ESt5tupleIJDpT0_EEE4typeERSD_
FNDA:0,_ZSt3getILm1EJPNSt7__cxx1112basic_stringIcSt11char_traitsIcESaIcEEESt14default_deleteIS5_EEERNSt13tuple_elementIXT_ESt5tupleIJDpT0_EEE4typeERSD_
FNDA:0,_ZSt12__get_helperILm0EPNSt7__cxx1118basic_stringstreamIcSt11char_traitsIcESaIcEEEJSt14default_deleteIS5_EEERT0_RSt11_Tuple_implIXT_EJS9_DpT1_EE
FNDA:0,_ZNSt10_Head_baseILm1ESt14default_deleteINSt7__cxx1112basic_stringIcSt11char_traitsIcESaIcEEEELb1EE7_M_headERS8_
FNDA:0,_ZNSt11_Tuple_implILm1EJSt14default_deleteINSt7__cxx1112basic_stringIcSt11char_traitsIcESaIcEEEEEE7_M_headERS8_
FNDA:0,_ZNSt10_Head_baseILm0EPNSt7__cxx1112basic_stringIcSt11char_traitsIcESaIcEEELb0EE7_M_headERKS7_
FNDA:0,_ZSt3getILm0EJPNSt7__cxx1112basic_stringIcSt11char_traitsIcESaIcEEESt14default_deleteIS5_EEERKNSt13tuple_elementIXT_ESt5tupleIJDpT0_EEE4typeERKSD_
FNDA:0,_ZNSt11_Tuple_implILm0EJPNSt7__cxx1112basic_stringIcSt11char_traitsIcESaIcEEESt14default_deleteIS5_EEE7_M_headERKS9_
FNDA:0,_ZNSt10_Head_baseILm1ESt14default_deleteINSt7__cxx1118basic_stringstreamIcSt11char_traitsIcESaIcEEEELb1EE7_M_headERS8_
FNDA:0,_ZSt3getILm1EJPNSt7__cxx1118basic_stringstreamIcSt11char_traitsIcESaIcEEESt14default_deleteIS5_EEERNSt13tuple_elementIXT_ESt5tupleIJDpT0_EEE4typeERSD_
FNDA:0,_ZNSt10_Head_baseILm0EPNSt7__cxx1118basic_stringstreamIcSt11char_traitsIcESaIcEEELb0EE7_M_headERS7_
FNDA:0,_ZSt12__get_helperILm1ESt14default_deleteINSt7__cxx1112basic_stringIcSt11char_traitsIcESaIcEEEEJEERT0_RSt11_Tuple_implIXT_EJS8_DpT1_EE
FNDA:0,_ZSt12__get_helperILm0EPNSt7__cxx1112basic_stringIcSt11char_traitsIcESaIcEEEJSt14default_deleteIS5_EEERKT0_RKSt11_Tuple_implIXT_EJS9_DpT1_EE
FNDA:1,_ZSt3getILm0EJPNSt7__cxx1112basic_stringIcSt11char_traitsIcESaIcEEESt14default_deleteIS5_EEERNSt13tuple_elementIXT_ESt5tupleIJDpT0_EEE4typeERSD_
FNDA:1,_ZNSt11_Tuple_implILm0EJPNSt7__cxx1112basic_stringIcSt11char_traitsIcESaIcEEESt14default_deleteIS5_EEE7_M_headERS9_
FNDA:0,_ZNSt11_Tuple_implILm0EJPNSt7__cxx1118basic_stringstreamIcSt11char_traitsIcESaIcEEESt14default_deleteIS5_EEE7_M_headERS9_
FNDA:1,_ZSt12__get_helperILm0EPNSt7__cxx1112basic_stringIcSt11char_traitsIcESaIcEEEJSt14default_deleteIS5_EEERT0_RSt11_Tuple_implIXT_EJS9_DpT1_EE
FNDA:0,_ZNSt11_Tuple_implILm1EJSt14default_deleteINSt7__cxx1118basic_stringstreamIcSt11char_traitsIcESaIcEEEEEE7_M_headERS8_
FNF:20
FNH:4
DA:113,0
DA:160,1
DA:163,0
DA:195,1
DA:198,0
DA:334,0
DA:1309,1
DA:1310,1
DA:1314,0
DA:1315,0
DA:1320,1
DA:1321,1
DA:1326,0
DA:1327,0
LF:14
LH:6
end_of_record
TN:
SF:/usr/include/c++/9/utility
FN:174,_ZNSt10__pair_getILm0EE5__getIiiEERT_RSt4pairIS2_T0_E
FN:198,_ZNSt10__pair_getILm1EE5__getIiiEERT0_RSt4pairIT_S2_E
FN:219,_ZSt3getILm1EiiERNSt13tuple_elementIXT_ESt4pairIT0_T1_EE4typeERS4_
FN:219,_ZSt3getILm0EiiERNSt13tuple_elementIXT_ESt4pairIT0_T1_EE4typeERS4_
FNDA:42,_ZSt3getILm1EiiERNSt13tuple_elementIXT_ESt4pairIT0_T1_EE4typeERS4_
FNDA:42,_ZNSt10__pair_getILm1EE5__getIiiEERT0_RSt4pairIT_S2_E
FNDA:42,_ZSt3getILm0EiiERNSt13tuple_elementIXT_ESt4pairIT0_T1_EE4typeERS4_
FNDA:42,_ZNSt10__pair_getILm0EE5__getIiiEERT_RSt4pairIS2_T0_E
FNF:4
FNH:4
DA:174,42
DA:175,42
DA:198,42
DA:199,42
DA:219,84
DA:220,84
LF:6
LH:6
end_of_record
TN:
SF:/usr/include/gtest/gtest-printers.h
FN:313,_ZN7testing8internal19FormatForComparisonINSt7__cxx1112basic_stringIcSt11char_traitsIcESaIcEEEA2_cE6FormatERKS7_
FN:322,_ZN7testing8internal19FormatForComparisonIA2_cNSt7__cxx1112basic_stringIcSt11char_traitsIcESaIcEEEE6FormatEPKc
FN:359,_ZN7testing8internal19FormatForComparisonIPKcNSt7__cxx1112basic_stringIcSt11char_traitsIcESaIcEEEE6FormatES3_
FN:377,_ZN7testing8internal33FormatForComparisonFailureMessageIA2_cNSt7__cxx1112basic_stringIcSt11char_traitsIcESaIcEEEEES8_RKT_RKT0_
FN:377,_ZN7testing8internal33FormatForComparisonFailureMessageINSt7__cxx1112basic_stringIcSt11char_traitsIcESaIcEEEA2_cEES7_RKT_RKT0_
FN:594,_ZN7testing8internal7PrintToERKNSt7__cxx1112basic_stringIcSt11char_traitsIcESaIcEEEPSo
FN:670,_ZN7testing8internal16UniversalPrinterINSt7__cxx1112basic_stringIcSt11char_traitsIcESaIcEEEE5PrintERKS7_PSo
FN:796,_ZN7testing8internal21UniversalTersePrinterINSt7__cxx1112basic_stringIcSt11char_traitsIcESaIcEEEE5PrintERKS7_PSo
FN:817,_ZN7testing8internal21UniversalTersePrinterIPKcE5PrintES3_PSo
FN:865,_ZN7testing8internal14UniversalPrintINSt7__cxx1112basic_stringIcSt11char_traitsIcESaIcEEEEEvRKT_PSo
FN:915,_ZN7testing13PrintToStringINSt7__cxx1112basic_stringIcSt11char_traitsIcESaIcEEEEES6_RKT_
FN:915,_ZN7testing13PrintToStringIPKcEENSt7__cxx1112basic_stringIcSt11char_traitsIcESaIcEEERKT_
FNDA:0,_ZN7testing13PrintToStringINSt7__cxx1112basic_stringIcSt11char_traitsIcESaIcEEEEES6_RKT_
FNDA:0,_ZN7testing8internal7PrintToERKNSt7__cxx1112basic_stringIcSt11char_traitsIcESaIcEEEPSo
FNDA:0,_ZN7testing8internal21UniversalTersePrinterIPKcE5PrintES3_PSo
FNDA:0,_ZN7testing8internal19FormatForComparisonIA2_cNSt7__cxx1112basic_stringIcSt11char_traitsIcESaIcEEEE6FormatEPKc
FNDA:0,_ZN7testing8internal33FormatForComparisonFailureMessageIA2_cNSt7__cxx1112basic_stringIcSt11char_traitsIcESaIcEEEEES8_RKT_RKT0_
FNDA:0,_ZN7testing8internal14UniversalPrintINSt7__cxx1112basic_stringIcSt11char_traitsIcESaIcEEEEEvRKT_PSo
FNDA:0,_ZN7testing8internal16UniversalPrinterINSt7__cxx1112basic_stringIcSt11char_traitsIcESaIcEEEE5PrintERKS7_PSo
FNDA:0,_ZN7testing13PrintToStringIPKcEENSt7__cxx1112basic_stringIcSt11char_traitsIcESaIcEEERKT_
FNDA:0,_ZN7testing8internal21UniversalTersePrinterINSt7__cxx1112basic_stringIcSt11char_traitsIcESaIcEEEE5PrintERKS7_PSo
FNDA:0,_ZN7testing8internal19FormatForComparisonIPKcNSt7__cxx1112basic_stringIcSt11char_traitsIcESaIcEEEE6FormatES3_
FNDA:0,_ZN7testing8internal19FormatForComparisonINSt7__cxx1112basic_stringIcSt11char_traitsIcESaIcEEEA2_cE6FormatERKS7_
FNDA:0,_ZN7testing8internal33FormatForComparisonFailureMessageINSt7__cxx1112basic_stringIcSt11char_traitsIcESaIcEEEA2_cEES7_RKT_RKT0_
FNF:12
FNH:0
DA:313,0
DA:314,0
DA:322,0
DA:323,0
DA:359,0
DA:377,0
DA:379,0
DA:594,0
DA:595,0
DA:596,0
DA:670,0
DA:679,0
DA:680,0
DA:796,0
DA:797,0
DA:798,0
DA:817,0
DA:818,0
DA:819,0
DA:821,0
DA:823,0
DA:865,0
DA:869,0
DA:870,0
DA:915,0
DA:916,0
DA:917,0
DA:918,0
LF:28
LH:0
end_of_record
TN:
SF:/usr/include/gtest/gtest.h
FN:312,_ZNK7testing15AssertionResultcvbEv
FN:321,_ZNK7testing15AssertionResult7messageEv
FN:325,_ZNK7testing15AssertionResult15failure_messageEv
FN:417,_ZN7testing4Test14SetUpTestSuiteEv
FN:427,_ZN7testing4Test17TearDownTestSuiteEv
FN:431,_ZN7testing4Test16TearDownTestCaseEv
FN:432,_ZN7testing4Test13SetUpTestCaseEv
FN:513,_ZN7testing4Test5SetupEv
FN:1504,_ZN7testing8internal18CmpHelperEQFailureINSt7__cxx1112basic_stringIcSt11char_traitsIcESaIcEEEA2_cEENS_15AssertionResultEPKcSB_RKT_RKT0_
FN:1523,_ZN7testing8internal11CmpHelperEQINSt7__cxx1112basic_stringIcSt11char_traitsIcESaIcEEEA2_cEENS_15AssertionResultEPKcSB_RKT_RKT0_
FN:1551,_ZN7testing8internal8EqHelper7CompareINSt7__cxx1112basic_stringIcSt11char_traitsIcESaIcEEEA2_cLPv0EEENS_15AssertionResultEPKcSD_RKT_RKT0_
FN:2472,_Z13RUN_ALL_TESTSv
FNDA:1,_ZNK7testing15AssertionResultcvbEv
FNDA:0,_ZNK7testing15AssertionResult15failure_messageEv
FNDA:0,_ZN7testing4Test14SetUpTestSuiteEv
FNDA:1,_ZN7testing8internal8EqHelper7CompareINSt7__cxx1112basic_stringIcSt11char_traitsIcESaIcEEEA2_cLPv0EEENS_15AssertionResultEPKcSD_RKT_RKT0_
FNDA:0,_ZN7testing4Test16TearDownTestCaseEv
FNDA:0,_ZN7testing4Test5SetupEv
FNDA:0,_ZNK7testing15AssertionResult7messageEv
FNDA:0,_ZN7testing8internal18CmpHelperEQFailureINSt7__cxx1112basic_stringIcSt11char_traitsIcESaIcEEEA2_cEENS_15AssertionResultEPKcSB_RKT_RKT0_
FNDA:0,_ZN7testing4Test13SetUpTestCaseEv
FNDA:0,_ZN7testing4Test17TearDownTestSuiteEv
FNDA:1,_ZN7testing8internal11CmpHelperEQINSt7__cxx1112basic_stringIcSt11char_traitsIcESaIcEEEA2_cEENS_15AssertionResultEPKcSB_RKT_RKT0_
FNDA:1,_Z13RUN_ALL_TESTSv
FNF:12
FNH:4
DA:312,1
DA:321,0
DA:322,0
DA:325,0
DA:417,0
DA:427,0
DA:431,0
DA:432,0
DA:513,0
DA:1504,0
DA:1511,0
DA:1523,1
DA:1527,1
DA:1528,1
DA:1531,0
DA:1551,1
DA:1554,1
DA:2472,1
DA:2473,1
LF:19
LH:8
end_of_record
TN:
SF:/usr/include/gtest/internal/gtest-internal.h
FN:442,_ZN7testing8internal15TestFactoryBaseD2Ev
FN:442,_ZN7testing8internal15TestFactoryBaseD0Ev
FN:449,_ZN7testing8internal15TestFactoryBaseC2Ev
FN:460,_ZN7testing8internal15TestFactoryImplI29TestBase_OperationsTest1_TestE10CreateTestEv
FN:481,_ZN7testing8internal12CodeLocationC2ERKNSt7__cxx1112basic_stringIcSt11char_traitsIcESaIcEEEi
FN:494,_ZN7testing8internal19GetNotDefaultOrNullEPFvvES2_
FN:509,_ZN7testing8internal16SuiteApiResolverINS_4TestEE19GetSetUpCaseOrSuiteEPKci
FN:524,_ZN7testing8internal16SuiteApiResolverINS_4TestEE22GetTearDownCaseOrSuiteEPKci
FNDA:1,_ZN7testing8internal15TestFactoryImplI29TestBase_OperationsTest1_TestE10CreateTestEv
FNDA:4,_ZN7testing8internal19GetNotDefaultOrNullEPFvvES2_
FNDA:1,_ZN7testing8internal12CodeLocationC2ERKNSt7__cxx1112basic_stringIcSt11char_traitsIcESaIcEEEi
FNDA:1,_ZN7testing8internal15TestFactoryBaseC2Ev
FNDA:1,_ZN7testing8internal15TestFactoryBaseD2Ev
FNDA:1,_ZN7testing8internal16SuiteApiResolverINS_4TestEE19GetSetUpCaseOrSuiteEPKci
FNDA:1,_ZN7testing8internal16SuiteApiResolverINS_4TestEE22GetTearDownCaseOrSuiteEPKci
FNDA:0,_ZN7testing8internal15TestFactoryBaseD0Ev
FNF:8
FNH:7
DA:442,1
DA:449,1
DA:460,1
DA:481,1
DA:482,1
DA:494,4
DA:496,4
DA:509,1
DA:512,1
DA:514,1
DA:516,1
DA:519,0
DA:521,1
DA:524,1
DA:527,1
DA:529,1
DA:531,1
DA:534,0
DA:536,1
LF:19
LH:17
end_of_record
TN:
SF:/usr/include/gtest/internal/gtest-port.h
FN:957,_ZN7testing8internal8GTestLog9GetStreamEv
FNDA:0,_ZN7testing8internal8GTestLog9GetStreamEv
FNF:1
FNH:0
DA:957,0
LF:1
LH:0
end_of_record
