TN:
SF:/home/alxgunin/form_langs_practica/include/slib.hpp
FN:48,_ZN3NFAD2Ev
FNDA:1,_ZN3NFAD2Ev
FNF:1
FNH:1
DA:48,1
LF:1
LH:1
end_of_record
TN:
SF:/home/alxgunin/form_langs_practica/src/ioputter.cpp
FN:3,_Z5inputv
FN:9,_Z6output10TaskOutput
FNDA:0,_Z5inputv
FNDA:0,_Z6output10TaskOutput
FNF:2
FNH:0
DA:3,0
DA:4,0
DA:5,0
DA:6,0
DA:9,0
DA:10,0
DA:11,0
LF:7
LH:0
end_of_record
TN:
SF:/home/alxgunin/form_langs_practica/src/slib.cpp
FN:3,_ZN10TaskOutputC2Ei
FN:11,_ZN3NFA17ParseAndMakeGraphENSt7__cxx1112basic_stringIcSt11char_traitsIcESaIcEEE
FN:87,_ZN3NFA17RemoveEpsilonsDfsEiiRSt6vectorIbSaIbEE
FN:126,_ZN3NFA14RemoveEpsilonsEv
FN:172,_ZN3NFA17MakeReversedGraphEv
FN:182,_ZN3NFAC2ENSt7__cxx1112basic_stringIcSt11char_traitsIcESaIcEEE
FN:190,_Z9GetSufIdsR3NFAic
FN:215,_Z12GetMinLengthR3NFARSt6vectorIiSaIiEE
FN:244,_Z9GetAnswer9TaskInput
FNDA:1,_Z9GetSufIdsR3NFAic
FNDA:1,_ZN3NFAC2ENSt7__cxx1112basic_stringIcSt11char_traitsIcESaIcEEE
FNDA:1,_ZN3NFA14RemoveEpsilonsEv
FNDA:1,_ZN10TaskOutputC2Ei
FNDA:1,_ZN3NFA17MakeReversedGraphEv
FNDA:1,_Z12GetMinLengthR3NFARSt6vectorIiSaIiEE
FNDA:1,_Z9GetAnswer9TaskInput
FNDA:10,_ZN3NFA17RemoveEpsilonsDfsEiiRSt6vectorIbSaIbEE
FNDA:1,_ZN3NFA17ParseAndMakeGraphENSt7__cxx1112basic_stringIcSt11char_traitsIcESaIcEEE
FNF:9
FNH:9
DA:3,1
DA:4,1
DA:5,0
DA:7,1
DA:9,1
DA:11,1
DA:12,1
DA:13,2
DA:15,4
DA:17,3
DA:19,1
DA:20,1
DA:21,0
DA:22,0
DA:24,1
DA:25,1
DA:26,1
DA:27,1
DA:28,1
DA:29,1
DA:30,1
DA:31,1
DA:32,1
DA:33,1
DA:34,1
DA:35,1
DA:36,1
DA:37,1
DA:38,1
DA:39,1
DA:40,1
DA:41,1
DA:42,0
DA:43,0
DA:44,0
DA:45,0
DA:47,0
DA:48,0
DA:49,0
DA:50,0
DA:51,0
DA:52,0
DA:53,0
DA:54,0
DA:55,0
DA:56,0
DA:57,0
DA:58,0
DA:60,0
DA:61,0
DA:62,0
DA:63,0
DA:64,0
DA:65,0
DA:66,0
DA:67,0
DA:68,0
DA:69,0
DA:70,0
DA:71,2
DA:72,2
DA:73,2
DA:74,2
DA:75,2
DA:76,2
DA:77,2
DA:78,2
DA:79,2
DA:82,1
DA:83,0
DA:85,1
DA:87,10
DA:90,10
DA:91,3
DA:93,10
DA:94,1
DA:97,10
DA:98,10
DA:100,20
DA:101,10
DA:103,10
DA:104,4
DA:105,4
DA:107,4
DA:109,6
DA:110,2
DA:116,10
DA:117,14
DA:118,8
DA:119,1
DA:126,1
DA:127,7
DA:129,12
DA:130,6
DA:134,7
DA:137,14
DA:138,8
DA:144,2
DA:145,1
DA:146,1
DA:147,7
DA:148,14
DA:149,8
DA:151,4
DA:156,7
DA:157,6
DA:163,7
DA:164,6
DA:170,1
DA:172,1
DA:173,1
DA:174,7
DA:175,10
DA:176,4
DA:179,1
DA:182,1
DA:183,1
DA:185,1
DA:187,1
DA:188,1
DA:190,1
DA:191,3
DA:192,7
DA:193,6
DA:194,3
DA:197,1
DA:198,2
DA:199,7
DA:200,10
DA:201,4
DA:202,2
DA:207,7
DA:208,6
DA:209,2
DA:212,2
DA:215,1
DA:216,1
DA:217,0
DA:219,2
DA:220,1
DA:221,3
DA:222,2
DA:223,2
DA:225,3
DA:226,2
DA:227,2
DA:228,2
DA:229,0
DA:230,0
DA:231,0
DA:235,1
DA:236,7
DA:237,6
DA:238,1
DA:241,1
DA:244,1
DA:245,1
DA:246,2
DA:248,2
DA:250,1
DA:252,1
DA:253,1
DA:254,2
LF:163
LH:128
end_of_record
TN:
SF:/home/alxgunin/form_langs_practica/tests/TestBase.cpp
FN:4,_ZN29TestBase_OperationsTest1_TestC2Ev
FN:4,_ZN29TestBase_OperationsTest1_Test8TestBodyEv
FNDA:1,_ZN29TestBase_OperationsTest1_TestC2Ev
FNDA:1,_ZN29TestBase_OperationsTest1_Test8TestBodyEv
FNF:2
FNH:2
DA:4,2
DA:5,2
DA:6,1
DA:7,1
DA:8,1
DA:9,2
DA:10,1
LF:7
LH:7
end_of_record
TN:
SF:/home/alxgunin/form_langs_practica/tests/run_tests.cpp
FN:3,main
FNDA:1,main
FNF:1
FNH:1
DA:3,1
DA:4,1
DA:5,1
LF:3
LH:3
end_of_record
